0.382973
0.382973
0.382973
0.382973
0.382973
0.382973
0.382973
0.382973
0.382973
0.382973
0.382973
0.382973
0.382973
0.382973
0.382973
0.382973
0.382973
0.382973
0.382973
0.382973
0.382973
0.382973
0.382973
0.382973
0.382973
0.382973
0.382973
0.382973
0.382973
0.382973
0.382973
0.382973
0.382973
0.382973
0.382973
0.382973
0.382973
0.382973
0.382973
0.382973
0.382973
0.382973
0.382973
0.382973
0.382973
0.382973
0.382973
0.382973
0.382973
0.382973
0.382973
0.382973
0.382973
0.382973
0.382973
0.382973
0.382973
0.382973
0.382973
0.382973
0.382973
0.382973
0.382973
0.382973
0.382973
0.382973
0.382973
0.382973
0.382973
0.382973
0.382973
0.382973
0.382973
0.382973
0.382973
0.382973
0.382973
0.382973
0.382973
0.382973
0.382973
0.382973
0.382973
0.382973
0.382973
0.382973
0.382973
0.382973
0.382973
0.382973
0.382973
0.382973
0.382973
0.382973
0.382973
0.382973
0.382973
0.382973
0.382973
0.382973
0.382973
0.382973
0.382973
0.382973
0.382973
0.382973
0.382973
0.382973
0.382973
0.382973
0.382973
0.382973
0.382973
0.382973
0.382973
0.382973
0.382973
0.382973
0.382973
0.382973
0.382973
0.382973
0.382973
0.382973
0.382973
0.382973
0.382973
0.382973
0.382973
0.382973
0.382973
0.382973
0.382973
0.382973
0.382973
0.382973
0.382973
0.382973
0.382973
0.382973
0.382973
0.382973
0.382973
0.382973
0.382973
0.382973
0.382973
0.382973
0.382973
0.382973
0.382973
0.382973
0.382973
0.382973
0.382973
0.382973
0.382973
0.382973
0.382973
0.382973
0.382973
0.382973
0.382973
0.382973
0.382973
0.382973
0.382973
0.382973
0.382973
0.382973
0.382973
0.382973
0.382973
0.382973
0.382973
0.382973
0.382973
0.382973
0.382973
0.382973
0.382973
0.382973
0.382973
0.382973
0.452125
0.418269
0.418183
0.400079
0.343419
0.335468
0.325909
0.349210
0.382973
0.382973
0.382973
0.382973
0.382973
0.382973
0.382973
0.382973
0.382973
0.382973
0.382973
0.382973
0.382973
0.447135
0.450603
0.515525
0.439058
0.425607
0.371917
0.371917
0.371917
0.410759
0.443945
0.514093
0.582743
0.558628
0.535476
0.462360
0.272598
0.271418
0.280648
0.371350
0.382973
0.382973
0.382973
0.382973
0.382973
0.382973
0.382973
0.382973
0.382973
0.482780
0.539533
0.572379
0.625999
0.705495
0.813886
0.882902
0.882902
0.882902
0.830565
0.913354
0.974762
1.006641
1.061276
1.053657
0.988403
0.802370
0.552853
0.411701
0.296413
0.370243
0.382973
0.382973
0.382973
0.382973
0.382973
0.382973
0.382973
0.382973
0.583687
0.561261
0.746584
0.839425
1.052381
1.147478
1.211745
1.168971
1.133865
1.071470
1.162463
1.253670
1.264841
1.381026
1.438820
1.427562
1.383130
1.041408
0.689618
0.426073
0.297566
0.371350
0.382973
0.382973
0.382973
0.382973
0.382973
0.382973
0.382973
0.391917
0.486850
0.760338
1.034378
1.167691
1.216547
1.265899
1.248928
1.202783
1.112724
1.018089
0.969147
0.971027
0.999210
1.079321
1.322597
1.559320
1.573046
1.106657
0.709843
0.422899
0.334262
0.382973
0.382973
0.382973
0.382973
0.382973
0.382973
0.382973
0.157965
0.343446
0.610754
0.861605
0.881492
0.791959
0.777209
0.812382
0.811232
0.725936
0.657597
0.609924
0.609924
0.570648
0.577504
0.783543
1.138146
1.466210
1.520871
0.971650
0.680288
0.348112
0.382973
0.382973
0.382973
0.382973
0.382973
0.382973
0.382973
0.193987
0.305588
0.507022
0.603079
0.588221
0.515299
0.502848
0.547108
0.570567
0.509977
0.458767
0.419719
0.419719
0.370296
0.319079
0.372324
0.753460
1.069875
1.529800
1.208770
0.940096
0.500746
0.382973
0.382973
0.382973
0.382973
0.382973
0.382973
0.382973
0.354942
0.344068
0.430273
0.431640
0.427553
0.389481
0.382973
0.382973
0.382973
0.382973
0.382973
0.382973
0.382973
0.382973
0.433461
0.295388
0.489870
0.794728
1.294261
1.406054
1.030257
0.622451
0.354745
0.382973
0.382973
0.382973
0.382973
0.382973
0.382973
0.382973
0.382973
0.382973
0.382973
0.382973
0.382973
0.382973
0.382973
0.382973
0.400796
0.457841
0.508920
0.469597
0.433685
0.420050
0.357989
0.380152
0.806982
1.150537
1.622661
1.026983
0.747804
0.286420
0.382973
0.382973
0.382973
0.382973
0.382973
0.382973
0.382973
0.382973
0.382973
0.382973
0.382973
0.382973
0.382973
0.431451
0.444575
0.515419
0.510463
0.572161
0.655184
0.788677
0.812587
0.813856
0.782143
1.081342
1.262006
1.587803
1.188436
0.916470
0.506308
0.382973
0.382973
0.382973
0.382973
0.382973
0.382973
0.382973
0.382973
0.382973
0.382973
0.382973
0.409351
0.503644
0.523681
0.543368
0.556516
0.624165
0.747429
0.983717
1.110819
1.007283
1.097992
1.184584
1.371412
1.442427
1.429140
1.341171
0.938213
0.591465
0.382973
0.382973
0.382973
0.382973
0.382973
0.382973
0.382973
0.382973
0.382973
0.382973
0.463531
0.510955
0.572247
0.571488
0.704654
0.757511
0.897174
0.925707
1.140717
1.223746
1.216373
1.180335
1.266535
1.220834
1.346359
1.277163
1.389117
0.932594
0.650464
0.382973
0.382973
0.382973
0.382973
0.382973
0.382973
0.382973
0.382973
0.382973
0.382973
0.535415
0.591918
0.611962
0.692648
0.859040
0.977972
1.081018
1.081228
0.994685
0.909514
0.894935
0.798469
0.824272
0.889257
1.125681
1.258889
1.286308
0.825455
0.554742
0.382973
0.382973
0.382973
0.382973
0.382973
0.382973
0.382973
0.382973
0.382973
0.382973
0.377364
0.537507
0.578154
0.941126
0.976241
1.039324
0.857330
0.795634
0.684418
0.602691
0.631155
0.607917
0.506223
0.688851
0.973084
1.301188
1.176327
0.780444
0.466605
0.382973
0.382973
0.382973
0.382973
0.382973
0.382973
0.382973
0.382973
0.382973
0.382973
0.205639
0.311037
0.578400
0.882142
0.894919
0.752662
0.603302
0.555513
0.482311
0.435943
0.398493
0.477688
0.376670
0.701464
0.912282
1.404020
1.035668
0.744331
0.403499
0.382973
0.382973
0.382973
0.382973
0.382973
0.382973
0.382973
0.382973
0.382973
0.382973
0.247757
0.232968
0.547468
0.652099
0.668908
0.487912
0.414012
0.382973
0.382973
0.382973
0.532683
0.444113
0.408255
0.652067
0.944817
1.360478
0.917238
0.642132
0.382973
0.382973
0.382973
0.382973
0.382973
0.382973
0.382973
0.382973
0.382973
0.382973
0.382973
0.369696
0.301727
0.458288
0.425644
0.445050
0.382973
0.382973
0.382973
0.382973
0.382973
0.614893
0.492922
0.655844
0.831904
1.172697
1.157360
0.811780
0.500914
0.382973
0.382973
0.382973
0.382973
0.382973
0.382973
0.382973
0.382973
0.382973
0.382973
0.382973
0.382973
0.382973
0.382973
0.382973
0.382973
0.382973
0.382973
0.382973
0.382973
0.446422
0.476846
0.565010
0.728783
1.066470
1.270654
0.997609
0.660829
0.411509
0.382973
0.382973
0.382973
0.382973
0.382973
0.382973
0.382973
0.382973
0.382973
0.382973
0.382973
0.382973
0.382973
0.382973
0.382973
0.382973
0.382973
0.382973
0.382973
0.386538
0.553296
0.298584
0.649513
0.797571
1.267388
1.121167
0.786140
0.501915
0.382973
0.382973
0.382973
0.382973
0.382973
0.382973
0.382973
0.382973
0.382973
0.382973
0.382973
0.382973
0.382973
0.382973
0.382973
0.382973
0.382973
0.382973
0.382973
0.382973
0.387239
0.473116
0.292785
0.721932
1.057440
1.244896
0.901301
0.570657
0.411509
0.382973
0.382973
0.382973
0.382973
0.382973
0.382973
0.382973
0.382973
0.382973
0.382973
0.382973
0.382973
0.382973
0.382973
0.382973
0.382973
0.382973
0.382973
0.382973
0.382973
0.381174
0.235167
0.336737
0.680849
1.054776
0.886082
0.622924
0.426027
0.382973
0.382973
0.382973
0.382973
0.382973
0.382973
0.382973
0.382973
0.382973
0.382973
0.382973
0.382973
0.382973
0.382973
0.382973
0.382973
0.382973
0.382973
0.382973
0.382973
0.382973
0.376940
0.168394
0.372450
0.569156
0.741573
0.590916
0.461571
0.382973
0.382973
0.382973
0.382973
0.382973
0.382973
0.382973
0.382973
0.382973
0.382973
0.382973
0.382973
0.382973
0.382973
0.382973
0.382973
0.382973
0.382973
0.382973
0.382973
0.382973
0.382973
0.380023
0.298939
0.399614
0.455926
0.460276
0.417516
0.382973
0.382973
0.382973
0.382973
0.382973
0.382973
0.382973
0.382973
0.382973
0.382973
0.000000
0.000000
0.000000
0.000000
0.000000
0.000000
0.000000
0.000000
0.000000
0.000000
0.000000
0.000000
0.000000
0.000000
0.000000
0.000000
0.000000
0.000000
0.000000
0.000000
0.000000
0.000000
0.000000
0.000000
0.000000
0.000000
0.000000
0.000000
0.000000
0.000000
0.000000
0.000000
0.000000
0.000000
0.000000
0.000000
0.000000
0.000000
0.000000
0.000000
0.000000
0.000000
0.000000
0.000000
0.000000
0.000000
0.000000
0.000000
0.000000
0.000000
0.000000
0.000000
0.000000
0.000000
0.000000
0.000000
0.000000
0.000000
0.000000
0.000000
0.000000
0.000000
0.000000
0.000000
0.000000
0.000000
0.000000
0.000000
0.000000
0.000000
0.000000
0.000000
0.000000
0.000000
0.000000
0.000000
0.000000
0.000000
0.000000
0.000000
0.000000
0.000000
0.000000
0.000000
0.000000
0.000000
0.000000
0.000000
0.000000
0.000000
0.000000
0.000000
0.000000
0.000000
0.000000
0.000000
0.000000
0.000000
0.000000
0.000000
0.000000
0.000000
0.000000
0.000000
0.000000
0.000000
0.000000
0.000000
0.000000
0.000000
0.000000
0.000000
0.000000
0.000000
0.000000
0.000000
0.000000
0.000000
0.000000
0.000000
0.000000
0.000000
0.000000
0.000000
0.000000
0.000000
0.000000
0.000000
0.000000
0.000000
0.000000
0.000000
0.000000
0.000000
0.000000
0.000000
0.000000
0.000000
0.000000
0.000000
0.000000
0.000000
0.000000
0.000000
0.000000
0.000000
0.000000
0.000000
0.000000
0.000000
0.000000
0.000000
0.000000
0.000000
0.000000
0.000000
0.000000
0.000000
0.000000
0.000000
0.000000
0.000000
0.000000
0.000000
0.000000
0.000000
0.000000
0.000000
0.000000
0.000000
0.000000
0.000000
0.000000
0.000000
0.000000
0.000000
0.000000
0.000000
0.000000
0.000000
0.000000
0.000000
0.000000
0.000000
0.000000
0.000000
0.000000
0.000000
0.000000
0.000000
0.000000
0.000000
0.000000
0.000000
0.000000
0.000000
0.000000
0.000000
0.000000
0.000000
0.000000
0.000000
0.000000
0.000000
0.000000
0.000000
0.000000
0.000000
0.000000
0.000000
0.000000
0.000000
0.000000
0.000000
0.000000
0.000000
0.000000
0.000000
0.000000
0.000000
0.000000
0.000000
0.000000
0.000000
0.000000
0.000000
0.000000
0.000000
0.000000
0.000000
0.000000
0.000000
0.000000
0.000000
0.000000
0.000000
0.000000
0.000000
0.000000
0.000000
0.000000
0.000000
0.000000
0.000000
0.000000
0.000000
0.000000
0.000000
0.000000
0.000000
0.000000
0.000000
0.000000
0.000000
0.000000
0.000000
0.000000
0.000000
0.000000
0.000000
0.000000
0.000000
0.000000
0.000000
0.000000
0.000000
0.000000
0.000000
0.000000
0.000000
0.000000
0.000000
0.000000
0.000000
0.000000
0.000000
0.000000
0.000000
0.000000
0.000000
0.000000
0.000000
0.000000
0.000000
0.000000
0.000000
0.000000
0.000000
0.000000
0.000000
0.000000
0.000000
0.000000
0.000000
0.000000
0.000000
0.000000
0.000000
0.000000
0.000000
0.000000
0.000000
0.000000
0.000000
0.000000
0.000000
0.000000
0.000000
0.000000
0.000000
0.000000
0.000000
0.000000
0.000000
0.000000
0.000000
0.000000
0.000000
0.000000
0.000000
0.000000
0.000000
0.000000
0.000000
0.000000
0.000000
0.000000
0.000000
0.000000
0.000000
0.000000
0.000000
0.000000
0.000000
0.000000
0.000000
0.000000
0.000000
0.000000
0.000000
0.000000
0.000000
0.000000
0.000000
0.000000
0.000000
0.000000
0.000000
0.000000
0.000000
0.000000
0.000000
0.000000
0.000000
0.000000
0.000000
0.000000
0.000000
0.000000
0.000000
0.000000
0.000000
0.000000
0.000000
0.000000
0.000000
0.000000
0.000000
0.000000
0.000000
0.000000
0.000000
0.000000
0.000000
0.000000
0.000000
0.000000
0.000000
0.000000
0.000000
0.000000
0.000000
0.000000
0.000000
0.000000
0.000000
0.000000
0.000000
0.000000
0.000000
0.000000
0.000000
0.000000
0.000000
0.000000
0.000000
0.000000
0.000000
0.000000
0.000000
0.000000
0.000000
0.000000
0.000000
0.000000
0.000000
0.000000
0.000000
0.000000
0.000000
0.000000
0.000000
0.000000
0.000000
0.000000
0.000000
0.000000
0.000000
0.000000
0.000000
0.000000
0.000000
0.000000
0.000000
0.000000
0.000000
0.000000
0.000000
0.000000
0.000000
0.000000
0.000000
0.000000
0.000000
0.000000
0.000000
0.000000
0.000000
0.000000
0.000000
0.000000
0.000000
0.000000
0.000000
0.000000
0.000000
0.000000
0.000000
0.000000
0.000000
0.000000
0.000000
0.000000
0.000000
0.000000
0.000000
0.000000
0.000000
0.000000
0.000000
0.000000
0.000000
0.000000
0.000000
0.000000
0.000000
0.000000
0.000000
0.000000
0.000000
0.000000
0.000000
0.000000
0.000000
0.000000
0.000000
0.000000
0.000000
0.000000
0.000000
0.000000
0.000000
0.000000
0.000000
0.000000
0.000000
0.000000
0.000000
0.000000
0.000000
0.000000
0.000000
0.000000
0.000000
0.000000
0.000000
0.000000
0.000000
0.000000
0.000000
0.000000
0.000000
0.000000
0.000000
0.000000
0.000000
0.000000
0.000000
0.000000
0.000000
0.000000
0.000000
0.000000
0.000000
0.000000
0.000000
0.000000
0.000000
0.000000
0.000000
0.000000
0.000000
0.000000
0.000000
0.000000
0.000000
0.000000
0.000000
0.000000
0.000000
0.000000
0.000000
0.000000
0.000000
0.000000
0.000000
0.000000
0.000000
0.000000
0.000000
0.000000
0.000000
0.000000
0.000000
0.000000
0.000000
0.000000
0.000000
0.000000
0.000000
0.000000
0.000000
0.000000
0.000000
0.000000
0.000000
0.000000
0.000000
0.000000
0.000000
0.000000
0.000000
0.000000
0.000000
0.000000
0.000000
0.000000
0.000000
0.000000
0.000000
0.000000
0.000000
0.000000
0.000000
0.000000
0.000000
0.000000
0.000000
0.000000
0.000000
0.000000
0.000000
0.000000
0.000000
0.000000
0.000000
0.000000
0.000000
0.000000
0.000000
0.000000
0.000000
0.000000
0.000000
0.000000
0.000000
0.000000
0.000000
0.000000
0.000000
0.000000
0.000000
0.000000
0.000000
0.000000
0.000000
0.000000
0.000000
0.000000
0.000000
0.000000
0.000000
0.000000
0.000000
0.000000
0.000000
0.000000
0.000000
0.000000
0.000000
0.000000
0.000000
0.000000
0.000000
0.000000
0.000000
0.000000
0.000000
0.000000
0.000000
0.000000
0.000000
0.000000
0.000000
0.000000
0.000000
0.000000
0.000000
0.000000
0.000000
0.000000
0.000000
0.000000
0.000000
0.000000
0.000000
0.000000
0.000000
0.000000
0.000000
0.000000
0.000000
0.000000
0.000000
0.000000
0.000000
0.000000
0.000000
0.000000
0.000000
0.000000
0.000000
0.000000
0.000000
0.000000
0.000000
0.000000
0.000000
0.000000
0.000000
0.000000
0.000000
0.000000
0.000000
0.000000
0.000000
0.000000
0.000000
0.000000
0.000000
0.000000
0.000000
0.000000
0.000000
0.000000
0.000000
0.000000
0.000000
0.000000
0.000000
0.000000
0.000000
0.000000
0.000000
0.000000
0.000000
0.000000
0.000000
0.000000
0.000000
0.000000
0.000000
0.000000
0.000000
0.000000
0.000000
0.000000
0.000000
0.000000
0.000000
0.000000
0.000000
0.000000
0.000000
0.000000
0.000000
0.000000
0.000000
0.000000
0.000000
0.000000
0.000000
0.000000
0.000000
0.000000
0.000000
0.000000
0.000000
0.000000
0.000000
0.000000
0.000000
0.000000
0.000000
0.000000
0.000000
0.000000
0.000000
0.000000
0.000000
0.000000
0.000000
0.000000
0.000000
0.000000
0.000000
0.000000
0.000000
0.000000
0.000000
0.000000
0.000000
0.000000
0.000000
0.000000
0.000000
0.000000
0.000000
0.000000
0.000000
0.000000
0.000000
0.000000
0.000000
0.000000
0.000000
0.000000
0.000000
0.000000
0.000000
0.000000
0.000000
0.000000
0.000000
0.000000
0.000000
0.000000
0.000000
0.000000
0.000000
0.000000
0.000000
0.000000
0.000000
0.000000
0.000000
0.000000
0.000000
0.000000
0.000000
0.000000
0.000000
0.000000
0.000000
0.000000
0.000000
0.000000
0.000000
0.000000
0.000000
0.000000
0.000000
0.000000
0.000000
0.000000
0.000000
0.000000
0.000000
0.000000
0.000000
0.000000
0.000000
0.000000
0.000000
0.000000
0.000000
0.000000
0.000000
0.000000
0.000000
0.000000
0.000000
0.000000
0.000000
0.000000
0.000000
0.000000
0.000000
0.000000
0.000000
0.000000
0.000000
0.000000
0.000000
0.000000
0.000000
0.000000
0.000000
0.000000
0.000000
0.000000
0.479715
0.479715
0.479715
0.479715
0.479715
0.479715
0.479715
0.479715
0.479715
0.479715
0.479715
0.479715
0.479715
0.479715
0.479715
0.479715
0.479715
0.479715
0.479715
0.479715
0.479715
0.479715
0.479715
0.479715
0.479715
0.479715
0.479715
0.479715
0.479715
0.479715
0.479715
0.479715
0.479715
0.479715
0.479715
0.479715
0.479715
0.479715
0.479715
0.479715
0.479715
0.479715
0.479715
0.479715
0.479715
0.479715
0.479715
0.479715
0.479715
0.479715
0.479715
0.479715
0.479715
0.479715
0.479715
0.479715
0.479715
0.479715
0.479715
0.479715
0.479715
0.479715
0.479715
0.479715
0.479715
0.479715
0.479715
0.479715
0.479715
0.479715
0.479715
0.479715
0.479715
0.479715
0.479715
0.479715
0.479715
0.479715
0.479715
0.479715
0.479715
0.479715
0.479715
0.479715
0.479715
0.479715
0.479715
0.479715
0.479715
0.479715
0.479715
0.479715
0.479715
0.479715
0.479715
0.479715
0.479715
0.479715
0.479715
0.479715
0.479715
0.479715
0.479715
0.479715
0.479715
0.479715
0.479715
0.479715
0.479715
0.479715
0.479715
0.479715
0.479715
0.479715
0.479715
0.479715
0.479715
0.479715
0.479715
0.479715
0.479715
0.479715
0.479715
0.479715
0.479715
0.479715
0.479715
0.479715
0.479715
0.479715
0.479715
0.479715
0.479715
0.479715
0.479715
0.479715
0.479715
0.479715
0.479715
0.479715
0.479715
0.479715
0.479715
0.479715
0.479715
0.479715
0.479715
0.479715
0.479715
0.479715
0.479715
0.479715
0.479715
0.479715
0.479715
0.479715
0.479715
0.479715
0.479715
0.479715
0.479715
0.479715
0.479715
0.479715
0.479715
0.479715
0.479715
0.479715
0.479715
0.479715
0.479715
0.479715
0.479715
0.479715
0.479715
0.479715
0.479715
0.479715
0.479715
0.479715
0.479715
0.479715
0.479715
0.479715
0.503754
0.528383
0.568693
0.613622
0.600729
0.582274
0.556977
0.504937
0.479715
0.479715
0.479715
0.479715
0.479715
0.479715
0.479715
0.479715
0.479715
0.479715
0.479715
0.479715
0.479715
0.502019
0.536997
0.615353
0.699848
0.764970
0.805078
0.805078
0.805078
0.740243
0.723369
0.785543
0.827881
0.848253
0.906878
0.906020
0.782538
0.670951
0.568078
0.488398
0.479715
0.479715
0.479715
0.479715
0.479715
0.479715
0.479715
0.479715
0.479715
0.514410
0.513989
0.554378
0.624050
0.726239
0.799052
0.859320
0.859320
0.859320
0.879309
0.833276
0.906231
1.010904
0.963990
0.993115
1.045466
1.060031
0.980559
0.805943
0.581646
0.489225
0.479715
0.479715
0.479715
0.479715
0.479715
0.479715
0.479715
0.479715
0.436424
0.420371
0.531365
0.833049
0.955377
1.042033
1.115848
1.100978
1.066260
0.996573
0.971577
0.896020
0.953732
1.007434
1.005479
1.090125
1.167720
1.325756
1.157943
0.822455
0.581955
0.488398
0.479715
0.479715
0.479715
0.479715
0.479715
0.479715
0.479715
0.374064
0.274468
0.489813
0.804553
0.948009
0.854814
0.904673
0.947230
1.015968
1.003153
0.939377
0.882072
0.889118
0.848554
0.768608
0.824050
0.977199
1.130221
1.425164
1.148013
0.783268
0.540313
0.479715
0.479715
0.479715
0.479715
0.479715
0.479715
0.479715
0.487027
0.389388
0.543705
0.850742
0.912343
0.822527
0.807255
0.787872
0.788734
0.779535
0.675572
0.613223
0.613223
0.634868
0.612019
0.515887
0.650232
0.916357
1.224728
1.438960
1.081847
0.664708
0.479715
0.479715
0.479715
0.479715
0.479715
0.479715
0.479715
0.429441
0.519335
0.393702
0.588382
0.621046
0.533153
0.517118
0.533724
0.528781
0.530563
0.540092
0.491180
0.491180
0.472636
0.487230
0.483733
0.367293
0.643726
1.057831
1.367887
1.343913
0.826951
0.479715
0.479715
0.479715
0.479715
0.479715
0.479715
0.479715
0.469197
0.473823
0.489404
0.459720
0.523276
0.487867
0.479715
0.479715
0.479715
0.479715
0.479715
0.479715
0.479715
0.479715
0.496574
0.469449
0.482369
0.490735
1.002590
1.333415
1.430567
1.008544
0.500802
0.479715
0.479715
0.479715
0.479715
0.479715
0.479715
0.479715
0.479715
0.479715
0.479715
0.479715
0.479715
0.479715
0.479715
0.479715
0.485910
0.515122
0.577894
0.659640
0.749489
0.726398
0.677074
0.662948
0.750736
0.970568
1.397510
1.404706
1.203473
0.610638
0.479715
0.479715
0.479715
0.479715
0.479715
0.479715
0.479715
0.479715
0.479715
0.479715
0.479715
0.479715
0.479715
0.496567
0.526646
0.578763
0.594170
0.582581
0.670526
0.789522
0.875001
0.815888
0.901808
1.021377
1.084294
1.249277
1.326361
1.289725
0.728312
0.479715
0.479715
0.479715
0.479715
0.479715
0.479715
0.479715
0.479715
0.479715
0.479715
0.479715
0.488884
0.535547
0.559412
0.610522
0.657912
0.722036
0.796173
0.899220
1.054752
1.069000
1.048859
0.971489
1.060654
1.113558
1.342611
1.284773
1.355180
0.840143
0.479715
0.479715
0.479715
0.479715
0.479715
0.479715
0.479715
0.479715
0.479715
0.479715
0.507719
0.536726
0.510664
0.570411
0.682806
0.833836
0.871821
0.908270
0.960543
0.922993
1.013566
1.035216
0.911027
0.845843
1.000649
1.228634
1.384294
1.125849
0.833367
0.479715
0.479715
0.479715
0.479715
0.479715
0.479715
0.479715
0.479715
0.479715
0.479715
0.441448
0.417363
0.531214
0.672942
0.846208
0.964563
1.018592
0.959122
0.964052
0.936312
0.807626
0.841311
0.713593
0.544624
0.817067
1.264861
1.349432
1.104325
0.687757
0.479715
0.479715
0.479715
0.479715
0.479715
0.479715
0.479715
0.479715
0.479715
0.479715
0.400814
0.308549
0.443708
0.881754
1.028064
0.937421
0.900575
0.771411
0.669392
0.631655
0.590130
0.485473
0.508644
0.461749
0.711582
1.258404
1.336470
1.004367
0.585856
0.479715
0.479715
0.479715
0.479715
0.479715
0.479715
0.479715
0.479715
0.479715
0.479715
0.490270
0.385745
0.485837
0.789111
0.887186
0.746441
0.570015
0.583314
0.511733
0.516784
0.499154
0.470090
0.377798
0.502250
0.812094
1.272929
1.236746
0.919808
0.505425
0.479715
0.479715
0.479715
0.479715
0.479715
0.479715
0.479715
0.479715
0.479715
0.479715
0.438755
0.516386
0.400214
0.596221
0.659128
0.552599
0.518594
0.479715
0.479715
0.479715
0.531758
0.510792
0.496426
0.659111
0.977591
1.318733
1.061621
0.794557
0.479715
0.479715
0.479715
0.479715
0.479715
0.479715
0.479715
0.479715
0.479715
0.479715
0.479715
0.474733
0.453354
0.523664
0.416039
0.557473
0.479715
0.479715
0.479715
0.479715
0.479715
0.390739
0.402115
0.559903
0.893483
1.112012
1.263549
0.897758
0.629372
0.479715
0.479715
0.479715
0.479715
0.479715
0.479715
0.479715
0.479715
0.479715
0.479715
0.479715
0.479715
0.479715
0.479715
0.479715
0.479715
0.479715
0.479715
0.479715
0.479715
0.501771
0.460942
0.362173
0.710054
1.137581
1.199751
1.052560
0.764205
0.515458
0.479715
0.479715
0.479715
0.479715
0.479715
0.479715
0.479715
0.479715
0.479715
0.479715
0.479715
0.479715
0.479715
0.479715
0.479715
0.479715
0.479715
0.479715
0.479715
0.480954
0.468923
0.417978
0.491795
0.822361
1.231945
1.158762
0.822831
0.630626
0.479715
0.479715
0.479715
0.479715
0.479715
0.479715
0.479715
0.479715
0.479715
0.479715
0.479715
0.479715
0.479715
0.479715
0.479715
0.479715
0.479715
0.479715
0.479715
0.479715
0.477160
0.391259
0.285755
0.548535
0.833397
1.153085
0.871648
0.663871
0.515458
0.479715
0.479715
0.479715
0.479715
0.479715
0.479715
0.479715
0.479715
0.479715
0.479715
0.479715
0.479715
0.479715
0.479715
0.479715
0.479715
0.479715
0.479715
0.479715
0.479715
0.478493
0.435582
0.369809
0.603385
0.842037
0.881678
0.704347
0.533644
0.479715
0.479715
0.479715
0.479715
0.479715
0.479715
0.479715
0.479715
0.479715
0.479715
0.479715
0.479715
0.479715
0.479715
0.479715
0.479715
0.479715
0.479715
0.479715
0.479715
0.479715
0.479623
0.460972
0.474040
0.480871
0.672664
0.594218
0.578166
0.479715
0.479715
0.479715
0.479715
0.479715
0.479715
0.479715
0.479715
0.479715
0.479715
0.479715
0.479715
0.479715
0.479715
0.479715
0.479715
0.479715
0.479715
0.479715
0.479715
0.479715
0.479715
0.478608
0.449101
0.509935
0.442003
0.511370
0.522983
0.479715
0.479715
0.479715
0.479715
0.479715
0.479715
0.479715
0.479715
0.479715
0.479715
0.000000
0.000000
0.000000
0.000000
0.000000
0.000000
0.000000
0.000000
0.000000
0.000000
0.000000
0.000000
0.000000
0.000000
0.000000
0.000000
0.000000
0.000000
0.000000
0.000000
0.000000
0.000000
0.000000
0.000000
0.000000
0.000000
0.000000
0.000000
0.000000
0.000000
0.000000
0.000000
0.000000
0.000000
0.000000
0.000000
0.000000
0.000000
0.000000
0.000000
0.000000
0.000000
0.000000
0.000000
0.000000
0.000000
0.000000
0.000000
0.000000
0.000000
0.000000
0.000000
0.000000
0.000000
0.000000
0.000000
0.000000
0.000000
0.000000
0.000000
0.000000
0.000000
0.000000
0.000000
0.000000
0.000000
0.000000
0.000000
0.000000
0.000000
0.000000
0.000000
0.000000
0.000000
0.000000
0.000000
0.000000
0.000000
0.000000
0.000000
0.000000
0.000000
0.000000
0.000000
0.000000
0.000000
0.000000
0.000000
0.000000
0.000000
0.000000
0.000000
0.000000
0.000000
0.000000
0.000000
0.000000
0.000000
0.000000
0.000000
0.000000
0.000000
0.000000
0.000000
0.000000
0.000000
0.000000
0.000000
0.000000
0.000000
0.000000
0.000000
0.000000
0.000000
0.000000
0.000000
0.000000
0.000000
0.000000
0.000000
0.000000
0.000000
0.000000
0.000000
0.000000
0.000000
0.000000
0.000000
0.000000
0.000000
0.000000
0.000000
0.000000
0.000000
0.000000
0.000000
0.000000
0.000000
0.000000
0.000000
0.000000
0.000000
0.000000
0.000000
0.000000
0.000000
0.000000
0.000000
0.000000
0.000000
0.000000
0.000000
0.000000
0.000000
0.000000
0.000000
0.000000
0.000000
0.000000
0.000000
0.000000
0.000000
0.000000
0.000000
0.000000
0.000000
0.000000
0.000000
0.000000
0.000000
0.000000
0.000000
0.000000
0.000000
0.000000
0.000000
0.000000
0.000000
0.000000
0.000000
0.000000
0.000000
0.000000
0.000000
0.000000
0.000000
0.000000
0.000000
0.000000
0.000000
0.000000
0.000000
0.000000
0.000000
0.000000
0.000000
0.000000
0.000000
0.000000
0.000000
0.000000
0.000000
0.000000
0.000000
0.000000
0.000000
0.000000
0.000000
0.000000
0.000000
0.000000
0.000000
0.000000
0.000000
0.000000
0.000000
0.000000
0.000000
0.000000
0.000000
0.000000
0.000000
0.000000
0.000000
0.000000
0.000000
0.000000
0.000000
0.000000
0.000000
0.000000
0.000000
0.000000
0.000000
0.000000
0.000000
0.000000
0.000000
0.000000
0.000000
0.000000
0.000000
0.000000
0.000000
0.000000
0.000000
0.000000
0.000000
0.000000
0.000000
0.000000
0.000000
0.000000
0.000000
0.000000
0.000000
0.000000
0.000000
0.000000
0.000000
0.000000
0.000000
0.000000
0.000000
0.000000
0.000000
0.000000
0.000000
0.000000
0.000000
0.000000
0.000000
0.000000
0.000000
0.000000
0.000000
0.000000
0.000000
0.000000
0.000000
0.000000
0.000000
0.000000
0.000000
0.000000
0.000000
0.000000
0.000000
0.000000
0.000000
0.000000
0.000000
0.000000
0.000000
0.000000
0.000000
0.000000
0.000000
0.000000
0.000000
0.000000
0.000000
0.000000
0.000000
0.000000
0.000000
0.000000
0.000000
0.000000
0.000000
0.000000
0.000000
0.000000
0.000000
0.000000
0.000000
0.000000
0.000000
0.000000
0.000000
0.000000
0.000000
0.000000
0.000000
0.000000
0.000000
0.000000
0.000000
0.000000
0.000000
0.000000
0.000000
0.000000
0.000000
0.000000
0.000000
0.000000
0.000000
0.000000
0.000000
0.000000
0.000000
0.000000
0.000000
0.000000
0.000000
0.000000
0.000000
0.000000
0.000000
0.000000
0.000000
0.000000
0.000000
0.000000
0.000000
0.000000
0.000000
0.000000
0.000000
0.000000
0.000000
0.000000
0.000000
0.000000
0.000000
0.000000
0.000000
0.000000
0.000000
0.000000
0.000000
0.000000
0.000000
0.000000
0.000000
0.000000
0.000000
0.000000
0.000000
0.000000
0.000000
0.000000
0.000000
0.000000
0.000000
0.000000
0.000000
0.000000
0.000000
0.000000
0.000000
0.000000
0.000000
0.000000
0.000000
0.000000
0.000000
0.000000
0.000000
0.000000
0.000000
0.000000
0.000000
0.000000
0.000000
0.000000
0.000000
0.000000
0.000000
0.000000
0.000000
0.000000
0.000000
0.000000
0.000000
0.000000
0.000000
0.000000
0.000000
0.000000
0.000000
0.000000
0.000000
0.000000
0.000000
0.000000
0.000000
0.000000
0.000000
0.000000
0.000000
0.000000
0.000000
0.000000
0.000000
0.000000
0.000000
0.000000
0.000000
0.000000
0.000000
0.000000
0.000000
0.000000
0.000000
0.000000
0.000000
0.000000
0.000000
0.000000
0.000000
0.000000
0.000000
0.000000
0.000000
0.000000
0.000000
0.000000
0.000000
0.000000
0.000000
0.000000
0.000000
0.000000
0.000000
0.000000
0.000000
0.000000
0.000000
0.000000
0.000000
0.000000
0.000000
0.000000
0.000000
0.000000
0.000000
0.000000
0.000000
0.000000
0.000000
0.000000
0.000000
0.000000
0.000000
0.000000
0.000000
0.000000
0.000000
0.000000
0.000000
0.000000
0.000000
0.000000
0.000000
0.000000
0.000000
0.000000
0.000000
0.000000
0.000000
0.000000
0.000000
0.000000
0.000000
0.000000
0.000000
0.000000
0.000000
0.000000
0.000000
0.000000
0.000000
0.000000
0.000000
0.000000
0.000000
0.000000
0.000000
0.000000
0.000000
0.000000
0.000000
0.000000
0.000000
0.000000
0.000000
0.000000
0.000000
0.000000
0.000000
0.000000
0.000000
0.000000
0.000000
0.000000
0.000000
0.000000
0.071558
0.000000
0.000000
0.000000
0.000000
0.000000
0.000000
0.000000
0.000000
0.000000
0.000000
0.000000
0.000000
0.000000
0.000000
0.000000
0.000000
0.000000
0.000000
0.000000
0.000000
0.000000
0.000000
0.000000
0.000000
0.000000
0.000000
0.000000
0.000000
0.000000
0.000000
0.000000
0.000000
0.000000
0.000000
0.000000
0.000000
0.000000
0.000000
0.000000
0.000000
0.000000
0.000000
0.000000
0.000000
0.000000
0.000000
0.000000
0.000000
0.000000
0.000000
0.000000
0.000000
0.000000
0.000000
0.000000
0.000000
0.000000
0.000000
0.000000
0.000000
0.000000
0.000000
0.000000
0.000000
0.000000
0.000000
0.000000
0.000000
0.000000
0.000000
0.000000
0.000000
0.000000
0.000000
0.000000
0.000000
0.000000
0.000000
0.000000
0.000000
0.000000
0.000000
0.000000
0.000000
0.000000
0.000000
0.000000
0.000000
0.000000
0.000000
0.000000
0.000000
0.000000
0.000000
0.000000
0.000000
0.000000
0.000000
0.000000
0.000000
0.000000
0.000000
0.000000
0.000000
0.000000
0.000000
0.000000
0.000000
0.000000
0.000000
0.000000
0.000000
0.000000
0.000000
0.000000
0.000000
0.000000
0.000000
0.000000
0.000000
0.000000
0.000000
0.000000
0.000000
0.000000
0.000000
0.000000
0.000000
0.000000
0.000000
0.000000
0.000000
0.000000
0.000000
0.000000
0.000000
0.000000
0.000000
0.000000
0.000000
0.000000
0.000000
0.000000
0.000000
0.000000
0.000000
0.000000
0.000000
0.000000
0.000000
0.000000
0.000000
0.000000
0.000000
0.000000
0.000000
0.000000
0.000000
0.000000
0.000000
0.000000
0.000000
0.000000
0.000000
0.000000
0.000000
0.000000
0.000000
0.000000
0.000000
0.000000
0.000000
0.000000
0.000000
0.000000
0.000000
0.000000
0.000000
0.000000
0.000000
0.000000
0.000000
0.000000
0.000000
0.000000
0.000000
0.000000
0.000000
0.000000
0.000000
0.000000
0.000000
0.000000
0.000000
0.000000
0.000000
0.000000
0.000000
0.000000
0.000000
0.000000
0.000000
0.000000
0.000000
0.000000
0.000000
0.000000
0.000000
0.000000
0.000000
0.000000
0.000000
0.000000
0.000000
0.000000
0.000000
0.000000
0.000000
0.000000
0.000000
0.000000
0.000000
0.000000
0.000000
0.000000
0.000000
0.000000
0.000000
0.000000
0.000000
0.000000
0.000000
0.000000
0.000000
0.000000
0.000000
0.000000
0.000000
0.000000
0.000000
0.000000
0.000000
0.000000
0.000000
0.000000
0.000000
0.000000
0.000000
0.000000
0.000000
0.000000
0.000000
0.000000
0.000000
0.000000
0.000000
0.000000
0.000000
0.000000
0.000000
0.000000
0.000000
0.000000
0.000000
0.000000
0.000000
0.000000
0.000000
0.000000
0.000000
0.000000
0.000000
0.000000
0.000000
0.000000
0.000000
0.000000
0.000000
0.000000
0.000000
0.000000
0.000000
0.000000
0.000000
0.000000
0.000000
0.000000
0.000000
0.000000
0.000000
0.000000
0.000000
0.000000
0.000000
0.000000
0.000000
0.000000
0.000000
0.000000
0.000000
0.000000
0.000000
0.000000
0.000000
0.000000
0.000000
0.000000
0.000000
0.000000
0.000000
0.000000
0.000000
0.000000
0.000000
0.000000
0.000000
0.000000
0.000000
0.000000
0.000000
0.000000
0.000000
0.000000
0.000000
0.000000
0.000000
0.000000
0.000000
0.000000
0.000000
0.000000
0.000000
0.000000
0.000000
0.000000
0.000000
0.000000
0.000000
0.000000
0.000000
0.000000
0.000000
0.000000
0.000000
0.000000
0.000000
0.000000
0.000000
0.000000
0.000000
0.000000
0.000000
0.000000
0.000000
0.000000
0.000000
0.000000
0.000000
0.000000
0.000000
0.000000
0.000000
0.000000
0.000000
0.000000
0.000000
0.000000
0.000000
0.000000
0.000000
0.000000
0.000000
0.000000
0.000000
0.000000
0.000000
0.000000
0.000000
0.000000
0.000000
0.000000
0.000000
0.000000
0.000000
0.000000
0.000000
0.000000
0.000000
0.000000
0.000000
0.000000
0.000000
0.000000
0.000000
0.000000
0.000000
0.000000
0.000000
0.000000
0.000000
0.000000
0.000000
0.000000
0.000000
0.000000
0.000000
0.000000
0.000000
0.000000
0.000000
0.000000
0.000000
0.000000
0.000000
0.000000
0.000000
0.000000
0.000000
0.000000
0.000000
0.000000
0.000000
0.000000
0.000000
0.000000
0.000000
0.000000
0.000000
0.000000
0.000000
0.000000
0.000000
0.000000
0.000000
0.000000
0.000000
0.000000
0.000000
0.000000
0.000000
0.000000
0.000000
0.000000
0.000000
0.000000
0.000000
0.000000
0.000000
0.000000
0.000000
0.000000
0.000000
0.000000
0.000000
0.000000
0.000000
0.000000
0.000000
0.000000
0.000000
0.000000
0.000000
0.000000
0.000000
0.000000
0.000000
0.000000
0.000000
0.000000
0.000000
0.000000
0.000000
0.000000
0.000000
0.000000
0.000000
0.000000
0.000000
0.000000
0.000000
0.000000
0.000000
0.000000
0.000000
0.000000
0.000000
0.000000
0.000000
0.000000
0.000000
0.000000
0.000000
0.000000
0.000000
0.000000
0.000000
0.000000
0.000000
0.000000
0.000000
0.000000
0.000000
0.000000
0.000000
0.000000
0.000000
0.000000
0.000000
0.000000
0.000000
0.000000
0.000000
0.000000
0.000000
0.000000
0.000000
0.000000
0.000000
0.000000
0.000000
0.000000
0.000000
0.000000
0.000000
0.000000
0.000000
0.000000
0.000000
0.000000
0.000000
0.000000
0.000000
0.000000
0.000000
0.000000
0.000000
0.000000
0.000000
0.000000
0.000000
0.000000
0.000000
0.000000
0.000000
0.000000
0.000000
0.000000
0.000000
0.000000
0.000000
0.000000
0.000000
0.000000
0.000000
0.000000
0.000000
0.000000
0.000000
0.000000
0.000000
0.000000
0.000000
0.000000
0.000000
0.000000
0.000000
0.000000
0.000000
0.000000
0.000000
0.000000
0.000000
0.000000
0.000000
0.000000
0.000000
0.000000
0.000000
0.000000
0.000000
0.000000
0.000000
0.000000
0.000000
0.000000
0.000000
0.000000
0.000000
0.000000
0.000000
0.000000
0.000000
0.000000
0.000000
0.000000
0.000000
0.000000
0.000000
0.000000
0.000000
0.000000
0.000000
0.000000
0.000000
0.000000
0.000000
0.000000
0.000000
0.000000
0.000000
0.000000
0.000000
0.000000
0.000000
0.000000
0.000000
0.000000
0.000000
0.000000
0.000000
0.000000
0.000000
0.000000
0.000000
0.000000
0.000000
0.000000
0.000000
0.000000
0.000000
0.000000
0.000000
0.000000
0.000000
0.000000
0.000000
0.000000
0.000000
0.000000
0.000000
0.000000
0.000000
0.000000
0.000000
0.000000
0.000000
0.000000
0.000000
0.000000
0.000000
0.000000
0.000000
0.000000
0.000000
0.000000
0.000000
0.000000
0.000000
0.000000
0.000000
0.000000
0.000000
0.000000
0.000000
0.000000
0.000000
0.000000
0.000000
0.000000
0.000000
0.000000
0.000000
0.000000
0.000000
0.000000
0.000000
0.000000
0.000000
0.000000
0.000000
0.000000
0.000000
0.000000
0.000000
0.000000
0.000000
0.000000
0.000000
0.000000
0.000000
0.000000
0.000000
0.000000
0.000000
0.000000
0.000000
0.000000
0.000000
0.000000
0.000000
0.000000
0.000000
0.000000
0.000000
0.000000
0.000000
0.000000
0.000000
0.000000
0.000000
0.000000
0.000000
0.000000
0.000000
0.000000
0.000000
0.000000
0.000000
0.000000
0.000000
0.000000
0.000000
0.000000
0.000000
0.000000
0.000000
0.000000
0.000000
0.000000
0.000000
0.000000
0.000000
0.000000
0.000000
0.000000
0.000000
0.000000
0.000000
0.000000
0.000000
0.000000
0.000000
0.000000
0.000000
0.000000
0.000000
0.000000
0.000000
0.000000
0.000000
0.000000
0.000000
0.000000
0.000000
0.000000
0.000000
0.000000
0.000000
0.000000
0.000000
0.000000
0.000000
0.000000
0.000000
0.000000
0.000000
0.000000
0.000000
0.000000
0.000000
0.000000
0.000000
0.000000
0.000000
0.000000
0.000000
0.000000
0.000000
0.000000
0.000000
0.000000
0.000000
0.000000
0.000000
0.000000
0.000000
0.000000
0.000000
0.000000
0.000000
0.000000
0.000000
0.000000
0.000000
0.000000
0.000000
0.000000
0.000000
0.000000
0.000000
0.000000
0.000000
0.000000
0.000000
0.000000
0.000000
0.000000
0.000000
0.000000
0.000000
0.000000
0.000000
0.000000
0.000000
0.000000
0.000000
0.000000
0.000000
0.000000
0.000000
0.000000
0.000000
0.000000
0.000000
0.000000
0.000000
0.000000
0.000000
0.000000
0.000000
0.000000
0.000000
0.000000
0.000000
0.000000
0.000000
0.000000
0.000000
0.000000
0.000000
0.000000
0.000000
0.000000
0.000000
0.000000
0.000000
0.000000
0.000000
0.000000
0.000000
0.000000
0.000000
0.000000
0.000000
0.000000
0.000000
0.000000
0.000000
0.000000
0.000000
0.000000
0.000000
0.000000
0.000000
0.000000
0.000000
0.000000
0.000000
0.000000
0.000000
0.000000
0.000000
0.000000
0.000000
0.000000
0.000000
0.000000
0.000000
0.000000
0.000000
0.000000
0.000000
0.000000
0.000000
0.000000
0.000000
0.000000
0.000000
0.000000
0.000000
0.000000
0.000000
0.000000
0.000000
0.000000
0.000000
0.000000
0.000000
0.000000
0.000000
0.000000
0.000000
0.000000
0.000000
0.000000
0.000000
0.000000
0.000000
0.000000
0.000000
0.000000
0.000000
0.000000
0.000000
0.000000
0.000000
0.000000
0.000000
0.000000
0.000000
0.000000
0.000000
0.000000
0.000000
0.000000
0.000000
0.000000
0.000000
0.000000
0.000000
0.000000
0.000000
0.000000
0.000000
0.000000
0.000000
0.000000
0.000000
0.000000
0.000000
0.000000
0.000000
0.000000
0.000000
0.000000
0.000000
0.000000
0.000000
0.000000
0.000000
0.000000
0.000000
0.000000
0.000000
0.000000
0.000000
0.000000
0.000000
0.000000
0.000000
0.000000
0.000000
0.000000
0.000000
0.000000
0.000000
0.000000
0.000000
0.000000
0.000000
0.000000
0.000000
0.000000
0.000000
0.000000
0.000000
0.000000
0.000000
0.000000
0.000000
0.000000
0.000000
0.000000
0.000000
0.000000
0.000000
0.000000
0.000000
0.000000
0.000000
0.000000
0.000000
0.000000
0.000000
0.000000
0.000000
0.000000
0.000000
0.000000
0.000000
0.000000
0.000000
0.000000
0.000000
0.000000
0.000000
0.000000
0.000000
0.000000
0.000000
0.000000
0.000000
0.000000
0.000000
0.000000
0.000000
0.000000
0.000000
0.000000
0.000000
0.000000
0.000000
0.000000
0.000000
0.000000
0.000000
0.000000
0.000000
0.000000
0.000000
0.000000
0.000000
0.000000
0.000000
0.000000
0.000000
0.000000
0.000000
0.000000
0.000000
0.000000
0.000000
0.000000
0.000000
0.000000
0.000000
0.000000
0.000000
0.000000
0.000000
0.000000
0.000000
0.000000
0.000000
0.000000
0.000000
0.000000
0.000000
0.000000
0.000000
0.000000
0.000000
0.000000
0.000000
0.000000
0.000000
0.000000
0.000000
0.000000
0.000000
0.000000
0.000000
0.000000
0.000000
0.000000
0.000000
0.000000
0.000000
0.000000
0.000000
0.000000
0.000000
0.000000
0.000000
0.000000
0.000000
0.000000
0.000000
0.000000
0.000000
0.000000
0.000000
0.000000
0.000000
0.000000
0.000000
0.000000
0.000000
0.000000
0.000000
0.000000
0.000000
0.000000
0.000000
0.000000
0.000000
0.000000
0.000000
0.000000
0.000000
0.000000
0.000000
0.000000
0.000000
0.000000
0.000000
0.000000
0.000000
0.000000
0.000000
0.000000
0.000000
0.000000
0.000000
0.000000
0.000000
0.000000
0.000000
0.000000
0.000000
0.000000
0.000000
0.000000
0.000000
0.000000
0.000000
0.000000
0.000000
0.000000
0.000000
0.000000
0.000000
0.055494
0.055494
0.055494
0.055494
0.055494
0.055494
0.055494
0.055494
0.055494
0.055494
0.055494
0.055494
0.055494
0.055494
0.055494
0.055494
0.055494
0.055494
0.055494
0.055494
0.055494
0.055494
0.055494
0.055494
0.055494
0.055494
0.055494
0.055494
0.055494
0.055494
0.055494
0.055494
0.055494
0.055494
0.055494
0.055494
0.055494
0.055494
0.055494
0.055494
0.055494
0.055494
0.055494
0.055494
0.055494
0.055494
0.055494
0.055494
0.055494
0.055494
0.055494
0.055494
0.055494
0.055494
0.055494
0.055494
0.055494
0.055494
0.055494
0.055494
0.055494
0.055494
0.055494
0.055494
0.055494
0.055494
0.055494
0.055494
0.055494
0.055494
0.055494
0.055494
0.055494
0.055494
0.055494
0.055494
0.055494
0.055494
0.055494
0.055494
0.055494
0.055494
0.055494
0.055494
0.055494
0.055494
0.055494
0.055494
0.055494
0.055494
0.055494
0.055494
0.055494
0.055494
0.055494
0.055494
0.055494
0.055494
0.055494
0.055494
0.055494
0.055494
0.055494
0.055494
0.055494
0.055494
0.055494
0.055494
0.055494
0.055494
0.055494
0.055494
0.055494
0.055494
0.055494
0.055494
0.055494
0.055494
0.055494
0.055494
0.055494
0.055494
0.055494
0.055494
0.055494
0.055494
0.055494
0.055494
0.055494
0.055494
0.055494
0.055494
0.055494
0.055494
0.055494
0.055494
0.055494
0.055494
0.055494
0.055494
0.055494
0.055494
0.055494
0.055494
0.055494
0.055494
0.055494
0.055494
0.055494
0.055494
0.055494
0.055494
0.055494
0.055494
0.055494
0.055494
0.055494
0.055494
0.055494
0.055494
0.055494
0.055494
0.055494
0.055494
0.055494
0.055494
0.055494
0.055494
0.055494
0.055494
0.055494
0.055494
0.055494
0.055494
0.055494
0.055494
0.055494
0.055494
0.055494
0.055494
0.055494
0.055494
0.055494
0.055494
0.082501
0.121596
0.079099
0.049215
0.057547
0.008524
0.000000
0.034134
0.055494
0.055494
0.055494
0.055494
0.055494
0.055494
0.055494
0.055494
0.055494
0.055494
0.055494
0.055494
0.055494
0.080552
0.130448
0.142793
0.132441
0.078832
0.044867
0.044867
0.044867
0.072092
0.154854
0.195311
0.127028
0.137336
0.103846
0.000000
0.000000
0.000000
0.000000
0.048141
0.055494
0.055494
0.055494
0.055494
0.055494
0.055494
0.055494
0.055494
0.055494
0.094473
0.203333
0.278358
0.297883
0.307313
0.330554
0.273323
0.273323
0.273323
0.214185
0.188891
0.173405
0.096390
0.125622
0.177516
0.175881
0.133439
0.000000
0.000000
0.000000
0.047440
0.055494
0.055494
0.055494
0.055494
0.055494
0.055494
0.055494
0.055494
0.151281
0.328932
0.339027
0.092517
0.000000
0.000000
0.000000
0.000000
0.000000
0.000000
0.000000
0.000000
0.000000
0.000000
0.000000
0.000000
0.039363
0.000000
0.000000
0.000000
0.000000
0.048141
0.055494
0.055494
0.055494
0.055494
0.055494
0.055494
0.055494
0.028352
0.090733
0.074869
0.000000
0.000000
0.000000
0.000000
0.000000
0.000000
0.000000
0.000000
0.000000
0.000000
0.000000
0.000000
0.000000
0.102474
0.153243
0.000000
0.000000
0.000000
0.002836
0.055494
0.055494
0.055494
0.055494
0.055494
0.055494
0.055494
0.000000
0.000000
0.000000
0.000000
0.000000
0.000000
0.000000
0.000000
0.000000
0.000000
0.000000
0.000000
0.000000
0.000000
0.000000
0.000000
0.000000
0.173365
0.104362
0.000000
0.000000
0.000000
0.055494
0.055494
0.055494
0.055494
0.055494
0.055494
0.055494
0.000000
0.000000
0.000000
0.000000
0.000000
0.029117
0.034892
0.049880
0.085155
0.085467
0.054837
0.049179
0.049179
0.032442
0.000000
0.000000
0.000000
0.128660
0.114859
0.000000
0.000000
0.000000
0.055494
0.055494
0.055494
0.055494
0.055494
0.055494
0.055494
0.046001
0.025010
0.043470
0.082455
0.065822
0.056437
0.055494
0.055494
0.055494
0.055494
0.055494
0.055494
0.055494
0.055494
0.076513
0.045330
0.000000
0.085082
0.034863
0.000000
0.000000
0.000000
0.037636
0.055494
0.055494
0.055494
0.055494
0.055494
0.055494
0.055494
0.055494
0.055494
0.055494
0.055494
0.055494
0.055494
0.055494
0.055494
0.062455
0.098217
0.156981
0.158379
0.084051
0.077027
0.107577
0.010792
0.000000
0.000000
0.000000
0.000000
0.000000
0.000000
0.055494
0.055494
0.055494
0.055494
0.055494
0.055494
0.055494
0.055494
0.055494
0.055494
0.055494
0.055494
0.055494
0.074427
0.116228
0.145120
0.193737
0.263537
0.337965
0.331983
0.203631
0.127392
0.000000
0.000000
0.000000
0.000000
0.000000
0.000000
0.000000
0.055494
0.055494
0.055494
0.055494
0.055494
0.055494
0.055494
0.055494
0.055494
0.055494
0.055494
0.065796
0.122577
0.203765
0.226571
0.234018
0.216117
0.140773
0.000000
0.000000
0.000000
0.000000
0.000000
0.000000
0.000000
0.000000
0.000000
0.000000
0.000000
0.055494
0.055494
0.055494
0.055494
0.055494
0.055494
0.055494
0.055494
0.055494
0.055494
0.086955
0.171022
0.245315
0.286171
0.278443
0.064184
0.000000
0.000000
0.000000
0.000000
0.000000
0.000000
0.000000
0.000000
0.000000
0.000000
0.000000
0.000000
0.000000
0.055494
0.055494
0.055494
0.055494
0.055494
0.055494
0.055494
0.055494
0.055494
0.055494
0.129073
0.311353
0.301159
0.028730
0.000000
0.000000
0.000000
0.000000
0.000000
0.000000
0.000000
0.000000
0.000000
0.080229
0.078905
0.000000
0.000000
0.000000
0.000000
0.055494
0.055494
0.055494
0.055494
0.055494
0.055494
0.055494
0.055494
0.055494
0.055494
0.026909
0.094075
0.081956
0.000000
0.000000
0.000000
0.000000
0.000000
0.000000
0.000000
0.052798
0.137769
0.091321
0.129412
0.046504
0.000000
0.000000
0.000000
0.043710
0.055494
0.055494
0.055494
0.055494
0.055494
0.055494
0.055494
0.055494
0.055494
0.055494
0.000000
0.000000
0.000000
0.000000
0.000000
0.000000
0.066374
0.079539
0.085662
0.072394
0.057743
0.082790
0.089688
0.087129
0.000000
0.000000
0.000000
0.000000
0.058468
0.055494
0.055494
0.055494
0.055494
0.055494
0.055494
0.055494
0.055494
0.055494
0.055494
0.001606
0.000000
0.000000
0.036374
0.055588
0.089149
0.059992
0.055494
0.055494
0.055494
0.113962
0.176515
0.048848
0.000000
0.000000
0.000000
0.000000
0.000000
0.055494
0.055494
0.055494
0.055494
0.055494
0.055494
0.055494
0.055494
0.055494
0.055494
0.055494
0.050998
0.019781
0.028927
0.098575
0.064489
0.055494
0.055494
0.055494
0.055494
0.055494
0.172168
0.337644
0.198517
0.000000
0.000000
0.000000
0.000000
0.039354
0.055494
0.055494
0.055494
0.055494
0.055494
0.055494
0.055494
0.055494
0.055494
0.055494
0.055494
0.055494
0.055494
0.055494
0.055494
0.055494
0.055494
0.055494
0.055494
0.055494
0.080273
0.082149
0.160894
0.000000
0.000000
0.000000
0.000000
0.000000
0.059629
0.055494
0.055494
0.055494
0.055494
0.055494
0.055494
0.055494
0.055494
0.055494
0.055494
0.055494
0.055494
0.055494
0.055494
0.055494
0.055494
0.055494
0.055494
0.055494
0.056886
0.135770
0.125450
0.043350
0.000000
0.000000
0.000000
0.000000
0.039499
0.055494
0.055494
0.055494
0.055494
0.055494
0.055494
0.055494
0.055494
0.055494
0.055494
0.055494
0.055494
0.055494
0.055494
0.055494
0.055494
0.055494
0.055494
0.055494
0.055494
0.057781
0.084287
0.085028
0.000000
0.000000
0.000000
0.000000
0.049514
0.059629
0.055494
0.055494
0.055494
0.055494
0.055494
0.055494
0.055494
0.055494
0.055494
0.055494
0.055494
0.055494
0.055494
0.055494
0.055494
0.055494
0.055494
0.055494
0.055494
0.055494
0.053191
0.000000
0.000000
0.000000
0.000000
0.000000
0.024325
0.061733
0.055494
0.055494
0.055494
0.055494
0.055494
0.055494
0.055494
0.055494
0.055494
0.055494
0.055494
0.055494
0.055494
0.055494
0.055494
0.055494
0.055494
0.055494
0.055494
0.055494
0.055494
0.051651
0.000000
0.000000
0.000000
0.028416
0.092116
0.066883
0.055494
0.055494
0.055494
0.055494
0.055494
0.055494
0.055494
0.055494
0.055494
0.055494
0.055494
0.055494
0.055494
0.055494
0.055494
0.055494
0.055494
0.055494
0.055494
0.055494
0.055494
0.055494
0.054495
0.025214
0.008816
0.077043
0.087227
0.060499
0.055494
0.055494
0.055494
0.055494
0.055494
0.055494
0.055494
0.055494
0.055494
0.055494
0.004570
0.004570
0.004570
0.004570
0.004570
0.004570
0.004570
0.004570
0.004570
0.004570
0.004570
0.004570
0.004570
0.004570
0.004570
0.004570
0.004570
0.004570
0.004570
0.004570
0.004570
0.004570
0.004570
0.004570
0.004570
0.004570
0.004570
0.004570
0.004570
0.004570
0.004570
0.004570
0.004570
0.004570
0.004570
0.004570
0.004570
0.004570
0.004570
0.004570
0.004570
0.004570
0.004570
0.004570
0.004570
0.004570
0.004570
0.004570
0.004570
0.004570
0.004570
0.004570
0.004570
0.004570
0.004570
0.004570
0.004570
0.004570
0.004570
0.004570
0.004570
0.004570
0.004570
0.004570
0.004570
0.004570
0.004570
0.004570
0.004570
0.004570
0.004570
0.004570
0.004570
0.004570
0.004570
0.004570
0.004570
0.004570
0.004570
0.004570
0.004570
0.004570
0.004570
0.004570
0.004570
0.004570
0.004570
0.004570
0.004570
0.004570
0.004570
0.004570
0.004570
0.004570
0.004570
0.004570
0.004570
0.004570
0.004570
0.004570
0.004570
0.004570
0.004570
0.004570
0.004570
0.004570
0.004570
0.004570
0.004570
0.004570
0.004570
0.004570
0.004570
0.004570
0.004570
0.004570
0.004570
0.004570
0.004570
0.004570
0.004570
0.004570
0.004570
0.004570
0.004570
0.004570
0.004570
0.004570
0.004570
0.004570
0.004570
0.004570
0.004570
0.004570
0.004570
0.004570
0.004570
0.004570
0.004570
0.004570
0.004570
0.004570
0.004570
0.004570
0.004570
0.004570
0.004570
0.004570
0.004570
0.004570
0.004570
0.004570
0.004570
0.004570
0.004570
0.004570
0.004570
0.004570
0.004570
0.004570
0.004570
0.004570
0.004570
0.004570
0.004570
0.004570
0.004570
0.004570
0.004570
0.004570
0.004570
0.004570
0.004570
0.004570
0.004570
0.004570
0.004570
0.004570
0.004570
0.004570
0.004570
0.004570
0.004570
0.004570
0.001500
0.000000
0.022749
0.086902
0.076740
0.086819
0.102091
0.044486
0.004570
0.004570
0.004570
0.004570
0.004570
0.004570
0.004570
0.004570
0.004570
0.004570
0.004570
0.004570
0.004570
0.001722
0.000000
0.010310
0.073384
0.137084
0.200556
0.200556
0.200556
0.271442
0.230717
0.265669
0.379618
0.311014
0.295194
0.325297
0.260927
0.219040
0.135889
0.018312
0.004570
0.004570
0.004570
0.004570
0.004570
0.004570
0.004570
0.004570
0.004570
0.000140
0.045840
0.078880
0.299654
0.417932
0.495737
0.561858
0.561858
0.561858
0.645655
0.631881
0.572165
0.645689
0.599854
0.529098
0.544419
0.446433
0.468040
0.369748
0.150215
0.019620
0.004570
0.004570
0.004570
0.004570
0.004570
0.004570
0.004570
0.004570
0.100458
0.165697
0.289265
0.617697
0.689964
0.620570
0.639419
0.641318
0.651084
0.655932
0.546331
0.470018
0.489419
0.464290
0.459471
0.478768
0.391504
0.385771
0.517330
0.375555
0.150913
0.018312
0.004570
0.004570
0.004570
0.004570
0.004570
0.004570
0.004570
0.273652
0.275479
0.223690
0.396178
0.382645
0.284390
0.270328
0.226168
0.192292
0.196780
0.114075
0.058411
0.060057
0.106823
0.151395
0.162297
0.192665
0.262464
0.383982
0.526607
0.353096
0.094136
0.004570
0.004570
0.004570
0.004570
0.004570
0.004570
0.004570
0.205328
0.169427
0.000000
0.000000
0.015923
0.000000
0.000000
0.000000
0.000000
0.000000
0.000000
0.000000
0.000000
0.000000
0.028748
0.126772
0.049786
0.125821
0.246751
0.430284
0.510329
0.241436
0.004570
0.004570
0.004570
0.004570
0.004570
0.004570
0.004570
0.040836
0.000000
0.000000
0.000000
0.000000
0.000000
0.000000
0.000000
0.000000
0.000000
0.000000
0.000000
0.000000
0.000000
0.000000
0.110912
0.159852
0.043751
0.218292
0.309435
0.528649
0.346653
0.004570
0.004570
0.004570
0.004570
0.004570
0.004570
0.004570
0.005924
0.000000
0.000000
0.000000
0.003121
0.004648
0.004570
0.004570
0.004570
0.004570
0.004570
0.004570
0.004570
0.004570
0.002427
0.103341
0.258528
0.203323
0.295372
0.246854
0.449751
0.400430
0.037942
0.004570
0.004570
0.004570
0.004570
0.004570
0.004570
0.004570
0.004570
0.004570
0.004570
0.004570
0.004570
0.004570
0.004570
0.004570
0.003779
0.000000
0.000000
0.024933
0.122085
0.271944
0.330196
0.525908
0.455556
0.418351
0.220515
0.396672
0.500064
0.196381
0.004570
0.004570
0.004570
0.004570
0.004570
0.004570
0.004570
0.004570
0.004570
0.004570
0.004570
0.004570
0.004570
0.002418
0.000000
0.024172
0.130193
0.249781
0.341596
0.475904
0.648671
0.673079
0.665618
0.588502
0.517867
0.395646
0.331109
0.534661
0.274094
0.004570
0.004570
0.004570
0.004570
0.004570
0.004570
0.004570
0.004570
0.004570
0.004570
0.004570
0.003399
0.000000
0.036185
0.113139
0.336268
0.500793
0.631730
0.670669
0.651172
0.680021
0.638635
0.543035
0.391527
0.416836
0.436159
0.329617
0.379462
0.239438
0.004570
0.004570
0.004570
0.004570
0.004570
0.004570
0.004570
0.004570
0.004570
0.004570
0.000994
0.011128
0.130635
0.292671
0.475505
0.667848
0.715975
0.568937
0.439666
0.392662
0.220838
0.224087
0.266282
0.118890
0.224603
0.314414
0.265304
0.357516
0.148802
0.004570
0.004570
0.004570
0.004570
0.004570
0.004570
0.004570
0.004570
0.004570
0.004570
0.082390
0.120315
0.311923
0.587176
0.613015
0.448036
0.328056
0.142303
0.039398
0.025602
0.000000
0.000000
0.166437
0.109694
0.176865
0.243785
0.337398
0.324295
0.063205
0.004570
0.004570
0.004570
0.004570
0.004570
0.004570
0.004570
0.004570
0.004570
0.004570
0.212286
0.275171
0.205114
0.259122
0.256499
0.019500
0.000000
0.000000
0.000000
0.000000
0.000000
0.000000
0.253404
0.189497
0.237115
0.200334
0.350943
0.296847
0.015726
0.004570
0.004570
0.004570
0.004570
0.004570
0.004570
0.004570
0.004570
0.004570
0.004570
0.147324
0.223044
0.000000
0.000000
0.000000
0.000000
0.000000
0.000000
0.000000
0.000477
0.004755
0.097635
0.308922
0.204487
0.255463
0.231560
0.316268
0.210025
0.004815
0.004570
0.004570
0.004570
0.004570
0.004570
0.004570
0.004570
0.004570
0.004570
0.004570
0.023956
0.029127
0.000000
0.000000
0.000000
0.000000
0.004941
0.004570
0.004570
0.004570
0.000000
0.137501
0.338044
0.352394
0.244067
0.263272
0.246898
0.087158
0.004570
0.004570
0.004570
0.004570
0.004570
0.004570
0.004570
0.004570
0.004570
0.004570
0.004570
0.005212
0.000967
0.000000
0.000000
0.005311
0.004570
0.004570
0.004570
0.004570
0.004570
0.151472
0.174935
0.379456
0.464796
0.244929
0.254116
0.164114
0.020099
0.004570
0.004570
0.004570
0.004570
0.004570
0.004570
0.004570
0.004570
0.004570
0.004570
0.004570
0.004570
0.004570
0.004570
0.004570
0.004570
0.004570
0.004570
0.004570
0.004570
0.001754
0.319837
0.264022
0.306979
0.369471
0.226452
0.166884
0.079189
0.004911
0.004570
0.004570
0.004570
0.004570
0.004570
0.004570
0.004570
0.004570
0.004570
0.004570
0.004570
0.004570
0.004570
0.004570
0.004570
0.004570
0.004570
0.004570
0.004570
0.004412
0.062947
0.310389
0.247097
0.243078
0.274012
0.134731
0.070876
0.020111
0.004570
0.004570
0.004570
0.004570
0.004570
0.004570
0.004570
0.004570
0.004570
0.004570
0.004570
0.004570
0.004570
0.004570
0.004570
0.004570
0.004570
0.004570
0.004570
0.004570
0.008124
0.216118
0.280760
0.168062
0.090412
0.078637
0.068670
0.019427
0.004911
0.004570
0.004570
0.004570
0.004570
0.004570
0.004570
0.004570
0.004570
0.004570
0.004570
0.004570
0.004570
0.004570
0.004570
0.004570
0.004570
0.004570
0.004570
0.004570
0.004570
0.011227
0.244888
0.146224
0.000000
0.000000
0.000000
0.033220
0.005084
0.004570
0.004570
0.004570
0.004570
0.004570
0.004570
0.004570
0.004570
0.004570
0.004570
0.004570
0.004570
0.004570
0.004570
0.004570
0.004570
0.004570
0.004570
0.004570
0.004570
0.004570
0.007718
0.096273
0.000000
0.000000
0.000000
0.000215
0.005508
0.004570
0.004570
0.004570
0.004570
0.004570
0.004570
0.004570
0.004570
0.004570
0.004570
0.004570
0.004570
0.004570
0.004570
0.004570
0.004570
0.004570
0.004570
0.004570
0.004570
0.004570
0.004570
0.004713
0.006956
0.000000
0.000000
0.000000
0.004982
0.004570
0.004570
0.004570
0.004570
0.004570
0.004570
0.004570
0.004570
0.004570
0.004570
0.520299
0.520299
0.520299
0.520299
0.520299
0.520299
0.520299
0.520299
0.520299
0.520299
0.520299
0.520299
0.520299
0.520299
0.520299
0.520299
0.520299
0.520299
0.520299
0.520299
0.520299
0.520299
0.520299
0.520299
0.520299
0.520299
0.520299
0.520299
0.520299
0.520299
0.520299
0.520299
0.520299
0.520299
0.520299
0.520299
0.520299
0.520299
0.520299
0.520299
0.520299
0.520299
0.520299
0.520299
0.520299
0.520299
0.520299
0.520299
0.520299
0.520299
0.520299
0.520299
0.520299
0.520299
0.520299
0.520299
0.520299
0.520299
0.520299
0.520299
0.520299
0.520299
0.520299
0.520299
0.520299
0.520299
0.520299
0.520299
0.520299
0.520299
0.520299
0.520299
0.520299
0.520299
0.520299
0.520299
0.520299
0.520299
0.520299
0.520299
0.520299
0.520299
0.520299
0.520299
0.520299
0.520299
0.520299
0.520299
0.520299
0.520299
0.520299
0.520299
0.520299
0.520299
0.520299
0.520299
0.520299
0.520299
0.520299
0.520299
0.520299
0.520299
0.520299
0.520299
0.520299
0.520299
0.520299
0.520299
0.520299
0.520299
0.520299
0.520299
0.520299
0.520299
0.520299
0.520299
0.520299
0.520299
0.520299
0.520299
0.520299
0.520299
0.520299
0.520299
0.520299
0.520299
0.520299
0.520299
0.520299
0.520299
0.520299
0.520299
0.520299
0.520299
0.520299
0.520299
0.520299
0.520299
0.520299
0.520299
0.520299
0.520299
0.520299
0.520299
0.520299
0.520299
0.520299
0.520299
0.520299
0.520299
0.520299
0.520299
0.520299
0.520299
0.520299
0.520299
0.520299
0.520299
0.520299
0.520299
0.520299
0.520299
0.520299
0.520299
0.520299
0.520299
0.520299
0.520299
0.520299
0.520299
0.520299
0.520299
0.520299
0.520299
0.520299
0.520299
0.520299
0.520299
0.520299
0.520299
0.520299
0.520299
0.520299
0.520299
0.578030
0.539415
0.493326
0.553465
0.510072
0.475771
0.532153
0.537861
0.520299
0.520299
0.520299
0.520299
0.520299
0.520299
0.520299
0.520299
0.520299
0.520299
0.520299
0.520299
0.520299
0.573864
0.567156
0.573439
0.543926
0.522573
0.550500
0.550500
0.550500
0.615242
0.582134
0.541685
0.555629
0.510077
0.480617
0.482179
0.428479
0.510832
0.567387
0.526345
0.520299
0.520299
0.520299
0.520299
0.520299
0.520299
0.520299
0.520299
0.520299
0.603623
0.666047
0.576513
0.596911
0.568086
0.534696
0.510570
0.510570
0.510570
0.474948
0.426090
0.359393
0.390878
0.405488
0.418396
0.482966
0.385293
0.333089
0.463793
0.561151
0.526921
0.520299
0.520299
0.520299
0.520299
0.520299
0.520299
0.520299
0.520299
0.734506
0.646361
0.401626
0.275610
0.233365
0.172198
0.210211
0.174501
0.151596
0.166380
0.142382
0.127603
0.191491
0.237873
0.298125
0.329011
0.320832
0.295819
0.391126
0.473156
0.561378
0.526345
0.520299
0.520299
0.520299
0.520299
0.520299
0.520299
0.520299
0.607011
0.428937
0.075608
0.000000
0.110241
0.154235
0.218704
0.184547
0.156392
0.186342
0.214608
0.236876
0.246755
0.285607
0.345594
0.436013
0.419114
0.429769
0.387565
0.420584
0.509518
0.548185
0.520299
0.520299
0.520299
0.520299
0.520299
0.520299
0.520299
0.394174
0.216422
0.000000
0.183673
0.317325
0.326806
0.326272
0.353940
0.417736
0.497540
0.529141
0.496490
0.496490
0.465594
0.410529
0.446145
0.446512
0.405053
0.390655
0.347338
0.498437
0.567858
0.520299
0.520299
0.520299
0.520299
0.520299
0.520299
0.520299
0.432491
0.320872
0.338242
0.533274
0.623963
0.572158
0.560595
0.579254
0.620768
0.635943
0.585701
0.532651
0.532651
0.511814
0.447633
0.418251
0.481624
0.272245
0.353417
0.282499
0.545359
0.591892
0.520299
0.520299
0.520299
0.520299
0.520299
0.520299
0.520299
0.508481
0.483869
0.497269
0.552323
0.577642
0.529141
0.520299
0.520299
0.520299
0.520299
0.520299
0.520299
0.520299
0.520299
0.572813
0.505256
0.401121
0.202825
0.195102
0.234964
0.491153
0.689736
0.534982
0.520299
0.520299
0.520299
0.520299
0.520299
0.520299
0.520299
0.520299
0.520299
0.520299
0.520299
0.520299
0.520299
0.520299
0.520299
0.535178
0.580135
0.601073
0.531404
0.517642
0.624823
0.551087
0.364274
0.128090
0.091799
0.335511
0.411595
0.691335
0.576712
0.520299
0.520299
0.520299
0.520299
0.520299
0.520299
0.520299
0.520299
0.520299
0.520299
0.520299
0.520299
0.520299
0.560771
0.564471
0.594168
0.621504
0.618761
0.578069
0.539440
0.477183
0.372180
0.143670
0.060791
0.100343
0.354105
0.366098
0.647336
0.522839
0.520299
0.520299
0.520299
0.520299
0.520299
0.520299
0.520299
0.520299
0.520299
0.520299
0.520299
0.542320
0.617093
0.622875
0.564481
0.599857
0.527835
0.352512
0.213690
0.180936
0.102179
0.086063
0.173143
0.163662
0.143316
0.161502
0.293204
0.558410
0.653818
0.520299
0.520299
0.520299
0.520299
0.520299
0.520299
0.520299
0.520299
0.520299
0.520299
0.587553
0.627413
0.641093
0.571412
0.468945
0.242382
0.149205
0.017456
0.011401
0.139063
0.138371
0.157664
0.395150
0.382607
0.239225
0.095765
0.326901
0.689579
0.725676
0.520299
0.520299
0.520299
0.520299
0.520299
0.520299
0.520299
0.520299
0.520299
0.520299
0.685211
0.682239
0.420111
0.183815
0.044576
0.000000
0.049919
0.087427
0.214346
0.296101
0.377453
0.470598
0.705270
0.470499
0.201100
0.072699
0.408861
0.729474
0.655656
0.520299
0.520299
0.520299
0.520299
0.520299
0.520299
0.520299
0.520299
0.520299
0.520299
0.575110
0.520971
0.088035
0.000000
0.021639
0.240051
0.397494
0.537202
0.564621
0.611429
0.627291
0.719924
0.727581
0.320975
0.000000
0.092866
0.498122
0.767867
0.617037
0.520299
0.520299
0.520299
0.520299
0.520299
0.520299
0.520299
0.520299
0.520299
0.520299
0.417471
0.289900
0.032421
0.218160
0.478527
0.649864
0.677548
0.653361
0.600363
0.584580
0.541383
0.628712
0.547854
0.172798
0.000000
0.206388
0.593073
0.762246
0.548184
0.520299
0.520299
0.520299
0.520299
0.520299
0.520299
0.520299
0.520299
0.520299
0.520299
0.459441
0.327173
0.342358
0.513433
0.748415
0.647501
0.562467
0.520299
0.520299
0.520299
0.645285
0.612245
0.362558
0.089632
0.000000
0.364323
0.683034
0.734760
0.520299
0.520299
0.520299
0.520299
0.520299
0.520299
0.520299
0.520299
0.520299
0.520299
0.520299
0.514701
0.476559
0.486814
0.547540
0.604635
0.520299
0.520299
0.520299
0.520299
0.520299
0.783878
0.571845
0.219074
0.000000
0.018319
0.529179
0.745937
0.657061
0.520299
0.520299
0.520299
0.520299
0.520299
0.520299
0.520299
0.520299
0.520299
0.520299
0.520299
0.520299
0.520299
0.520299
0.520299
0.520299
0.520299
0.520299
0.520299
0.520299
0.573269
0.675727
0.356235
0.000000
0.000000
0.306033
0.641814
0.745213
0.559066
0.520299
0.520299
0.520299
0.520299
0.520299
0.520299
0.520299
0.520299
0.520299
0.520299
0.520299
0.520299
0.520299
0.520299
0.520299
0.520299
0.520299
0.520299
0.520299
0.523275
0.691610
0.526035
0.125301
0.000000
0.220282
0.544314
0.750581
0.658421
0.520299
0.520299
0.520299
0.520299
0.520299
0.520299
0.520299
0.520299
0.520299
0.520299
0.520299
0.520299
0.520299
0.520299
0.520299
0.520299
0.520299
0.520299
0.520299
0.520299
0.525526
0.663241
0.364878
0.000000
0.000000
0.441654
0.704867
0.725744
0.559066
0.520299
0.520299
0.520299
0.520299
0.520299
0.520299
0.520299
0.520299
0.520299
0.520299
0.520299
0.520299
0.520299
0.520299
0.520299
0.520299
0.520299
0.520299
0.520299
0.520299
0.520270
0.460828
0.210704
0.003142
0.304700
0.667080
0.760333
0.578790
0.520299
0.520299
0.520299
0.520299
0.520299
0.520299
0.520299
0.520299
0.520299
0.520299
0.520299
0.520299
0.520299
0.520299
0.520299
0.520299
0.520299
0.520299
0.520299
0.520299
0.520299
0.516899
0.398988
0.296165
0.313638
0.643810
0.735484
0.627079
0.520299
0.520299
0.520299
0.520299
0.520299
0.520299
0.520299
0.520299
0.520299
0.520299
0.520299
0.520299
0.520299
0.520299
0.520299
0.520299
0.520299
0.520299
0.520299
0.520299
0.520299
0.520299
0.519055
0.482762
0.465675
0.517327
0.608220
0.567228
0.520299
0.520299
0.520299
0.520299
0.520299
0.520299
0.520299
0.520299
0.520299
0.520299
