0.382973
0.382973
0.382973
0.382973
0.382973
0.382973
0.382973
0.382973
0.382973
0.382973
0.382973
0.382973
0.382973
0.382973
0.382973
0.382973
0.382973
0.382973
0.382973
0.382973
0.382973
0.382973
0.382973
0.382973
0.382973
0.382973
0.382973
0.382973
0.382973
0.382973
0.382973
0.382973
0.382973
0.382973
0.382973
0.382973
0.382973
0.382973
0.382973
0.382973
0.382973
0.382973
0.382973
0.450603
0.515525
0.425607
0.382973
0.452125
0.582743
0.558628
0.462360
0.382973
0.382973
0.382973
0.382973
0.382973
0.583687
0.746584
1.052381
1.211745
1.168971
1.162463
1.264841
1.438820
1.427562
1.041408
0.426073
0.382973
0.382973
0.382973
0.391917
0.760338
1.167691
1.265899
1.248928
1.112724
0.971027
1.079321
1.559320
1.573046
0.971650
0.382973
0.382973
0.382973
0.382973
0.507022
0.603079
0.515299
0.570567
0.509977
0.419719
0.433461
0.753460
1.529800
1.406054
0.622451
0.382973
0.382973
0.382973
0.382973
0.382973
0.382973
0.444575
0.515419
0.655184
0.812587
0.813856
1.262006
1.622661
0.916470
0.382973
0.382973
0.382973
0.382973
0.463531
0.572247
0.704654
0.897174
1.140717
1.223746
1.266535
1.442427
1.429140
0.938213
0.382973
0.382973
0.382973
0.382973
0.535415
0.611962
0.976241
1.081018
1.081228
0.909514
0.824272
1.125681
1.301188
0.825455
0.382973
0.382973
0.382973
0.382973
0.382973
0.578400
0.894919
0.752662
0.555513
0.532683
0.477688
0.944817
1.404020
0.744331
0.382973
0.382973
0.382973
0.382973
0.382973
0.458288
0.445050
0.382973
0.382973
0.614893
0.728783
1.270654
1.157360
0.500914
0.382973
0.382973
0.382973
0.382973
0.382973
0.382973
0.382973
0.382973
0.387239
0.553296
1.057440
1.267388
0.786140
0.382973
0.382973
0.382973
0.382973
0.382973
0.382973
0.382973
0.382973
0.382973
0.382973
0.372450
1.054776
0.886082
0.426027
0.382973
0.382973
0.382973
0.000000
0.000000
0.000000
0.000000
0.000000
0.000000
0.000000
0.000000
0.000000
0.000000
0.000000
0.000000
0.000000
0.000000
0.000000
0.000000
0.000000
0.000000
0.000000
0.000000
0.000000
0.000000
0.000000
0.000000
0.000000
0.000000
0.000000
0.000000
0.000000
0.000000
0.000000
0.000000
0.000000
0.000000
0.000000
0.000000
0.000000
0.000000
0.000000
0.000000
0.000000
0.000000
0.000000
0.000000
0.000000
0.000000
0.000000
0.000000
0.000000
0.000000
0.000000
0.000000
0.000000
0.000000
0.000000
0.000000
0.000000
0.000000
0.000000
0.000000
0.000000
0.000000
0.000000
0.000000
0.000000
0.000000
0.000000
0.000000
0.000000
0.000000
0.000000
0.000000
0.000000
0.000000
0.000000
0.000000
0.000000
0.000000
0.000000
0.000000
0.000000
0.000000
0.000000
0.000000
0.000000
0.000000
0.000000
0.000000
0.000000
0.000000
0.000000
0.000000
0.000000
0.000000
0.000000
0.000000
0.000000
0.000000
0.000000
0.000000
0.000000
0.000000
0.000000
0.000000
0.000000
0.000000
0.000000
0.000000
0.000000
0.000000
0.000000
0.000000
0.000000
0.000000
0.000000
0.000000
0.000000
0.000000
0.000000
0.000000
0.000000
0.000000
0.000000
0.000000
0.000000
0.000000
0.000000
0.000000
0.000000
0.000000
0.000000
0.000000
0.000000
0.000000
0.000000
0.000000
0.000000
0.000000
0.000000
0.000000
0.000000
0.000000
0.000000
0.000000
0.000000
0.000000
0.000000
0.000000
0.000000
0.000000
0.000000
0.000000
0.000000
0.000000
0.000000
0.000000
0.000000
0.000000
0.000000
0.000000
0.000000
0.000000
0.000000
0.000000
0.000000
0.000000
0.000000
0.000000
0.000000
0.000000
0.000000
0.000000
0.000000
0.000000
0.000000
0.000000
0.000000
0.000000
0.000000
0.000000
0.000000
0.000000
0.000000
0.000000
0.000000
0.000000
0.000000
0.000000
0.000000
0.000000
0.000000
0.000000
0.000000
0.000000
0.000000
0.000000
0.479715
0.479715
0.479715
0.479715
0.479715
0.479715
0.479715
0.479715
0.479715
0.479715
0.479715
0.479715
0.479715
0.479715
0.479715
0.479715
0.479715
0.479715
0.479715
0.479715
0.479715
0.479715
0.479715
0.479715
0.479715
0.479715
0.479715
0.479715
0.479715
0.479715
0.479715
0.479715
0.479715
0.479715
0.479715
0.479715
0.479715
0.479715
0.479715
0.479715
0.479715
0.479715
0.479715
0.536997
0.699848
0.805078
0.805078
0.740243
0.827881
0.906878
0.906020
0.670951
0.488398
0.479715
0.479715
0.479715
0.514410
0.554378
0.955377
1.115848
1.100978
0.996573
1.010904
1.007434
1.167720
1.325756
0.822455
0.488398
0.479715
0.479715
0.487027
0.543705
0.948009
0.904673
1.015968
1.003153
0.889118
0.848554
0.977199
1.425164
1.438960
0.664708
0.479715
0.479715
0.479715
0.519335
0.621046
0.533153
0.533724
0.540092
0.491180
0.496574
0.483733
1.057831
1.430567
1.008544
0.479715
0.479715
0.479715
0.479715
0.479715
0.479715
0.526646
0.594170
0.670526
0.875001
0.901808
1.084294
1.404706
1.289725
0.479715
0.479715
0.479715
0.479715
0.507719
0.536726
0.682806
0.871821
0.960543
1.069000
1.048859
1.113558
1.384294
1.355180
0.479715
0.479715
0.479715
0.479715
0.479715
0.531214
1.028064
1.018592
0.964052
0.936312
0.841311
0.817067
1.349432
1.104325
0.479715
0.479715
0.479715
0.479715
0.490270
0.516386
0.887186
0.746441
0.583314
0.531758
0.510792
0.977591
1.318733
0.919808
0.479715
0.479715
0.479715
0.479715
0.479715
0.523664
0.557473
0.479715
0.479715
0.501771
0.710054
1.199751
1.263549
0.629372
0.479715
0.479715
0.479715
0.479715
0.479715
0.479715
0.479715
0.479715
0.480954
0.468923
0.833397
1.231945
0.822831
0.479715
0.479715
0.479715
0.479715
0.479715
0.479715
0.479715
0.479715
0.479715
0.479715
0.474040
0.842037
0.881678
0.533644
0.479715
0.479715
0.479715
0.000000
0.000000
0.000000
0.000000
0.000000
0.000000
0.000000
0.000000
0.000000
0.000000
0.000000
0.000000
0.000000
0.000000
0.000000
0.000000
0.000000
0.000000
0.000000
0.000000
0.000000
0.000000
0.000000
0.000000
0.000000
0.000000
0.000000
0.000000
0.000000
0.000000
0.000000
0.000000
0.000000
0.000000
0.000000
0.000000
0.000000
0.000000
0.000000
0.000000
0.000000
0.000000
0.000000
0.000000
0.000000
0.000000
0.000000
0.000000
0.000000
0.000000
0.000000
0.000000
0.000000
0.000000
0.000000
0.000000
0.000000
0.000000
0.000000
0.000000
0.000000
0.000000
0.000000
0.000000
0.000000
0.000000
0.000000
0.000000
0.000000
0.000000
0.000000
0.000000
0.000000
0.000000
0.000000
0.000000
0.000000
0.000000
0.000000
0.000000
0.000000
0.000000
0.000000
0.000000
0.000000
0.000000
0.000000
0.000000
0.000000
0.000000
0.000000
0.000000
0.000000
0.000000
0.000000
0.000000
0.000000
0.000000
0.000000
0.000000
0.000000
0.000000
0.000000
0.000000
0.000000
0.000000
0.000000
0.000000
0.000000
0.000000
0.000000
0.000000
0.000000
0.000000
0.000000
0.000000
0.000000
0.000000
0.000000
0.000000
0.000000
0.000000
0.000000
0.000000
0.000000
0.000000
0.000000
0.000000
0.000000
0.000000
0.000000
0.000000
0.000000
0.000000
0.071558
0.000000
0.000000
0.000000
0.000000
0.000000
0.000000
0.000000
0.000000
0.000000
0.000000
0.000000
0.000000
0.000000
0.000000
0.000000
0.000000
0.000000
0.000000
0.000000
0.000000
0.000000
0.000000
0.000000
0.000000
0.000000
0.000000
0.000000
0.000000
0.000000
0.000000
0.000000
0.000000
0.000000
0.000000
0.000000
0.000000
0.000000
0.000000
0.000000
0.000000
0.000000
0.000000
0.000000
0.000000
0.000000
0.000000
0.000000
0.000000
0.000000
0.000000
0.000000
0.000000
0.000000
0.000000
0.000000
0.000000
0.000000
0.000000
0.000000
0.000000
0.000000
0.000000
0.000000
0.000000
0.000000
0.000000
0.000000
0.000000
0.000000
0.000000
0.000000
0.000000
0.000000
0.000000
0.000000
0.000000
0.000000
0.000000
0.000000
0.000000
0.000000
0.000000
0.000000
0.000000
0.000000
0.000000
0.000000
0.000000
0.000000
0.000000
0.000000
0.000000
0.000000
0.000000
0.000000
0.000000
0.000000
0.000000
0.000000
0.000000
0.000000
0.000000
0.000000
0.000000
0.000000
0.000000
0.000000
0.000000
0.000000
0.000000
0.000000
0.000000
0.000000
0.000000
0.000000
0.000000
0.000000
0.000000
0.000000
0.000000
0.000000
0.000000
0.000000
0.000000
0.000000
0.000000
0.000000
0.000000
0.000000
0.000000
0.000000
0.000000
0.000000
0.000000
0.000000
0.000000
0.000000
0.000000
0.000000
0.000000
0.000000
0.000000
0.000000
0.000000
0.000000
0.000000
0.000000
0.000000
0.000000
0.000000
0.000000
0.000000
0.000000
0.000000
0.000000
0.000000
0.000000
0.000000
0.000000
0.000000
0.000000
0.000000
0.000000
0.000000
0.000000
0.000000
0.000000
0.000000
0.000000
0.000000
0.000000
0.000000
0.000000
0.000000
0.000000
0.000000
0.000000
0.000000
0.000000
0.000000
0.000000
0.000000
0.000000
0.000000
0.000000
0.000000
0.000000
0.000000
0.000000
0.000000
0.000000
0.000000
0.000000
0.000000
0.000000
0.000000
0.000000
0.000000
0.000000
0.000000
0.000000
0.000000
0.000000
0.000000
0.000000
0.000000
0.000000
0.000000
0.000000
0.000000
0.000000
0.000000
0.000000
0.000000
0.000000
0.000000
0.000000
0.000000
0.000000
0.000000
0.000000
0.000000
0.000000
0.000000
0.000000
0.000000
0.000000
0.000000
0.000000
0.000000
0.000000
0.000000
0.000000
0.000000
0.000000
0.000000
0.000000
0.000000
0.000000
0.000000
0.000000
0.000000
0.000000
0.000000
0.000000
0.000000
0.000000
0.000000
0.000000
0.000000
0.000000
0.000000
0.000000
0.000000
0.000000
0.000000
0.000000
0.055494
0.055494
0.055494
0.055494
0.055494
0.055494
0.055494
0.055494
0.055494
0.055494
0.055494
0.055494
0.055494
0.055494
0.055494
0.055494
0.055494
0.055494
0.055494
0.055494
0.055494
0.055494
0.055494
0.055494
0.055494
0.055494
0.055494
0.055494
0.055494
0.055494
0.055494
0.055494
0.055494
0.055494
0.055494
0.055494
0.055494
0.055494
0.055494
0.055494
0.055494
0.055494
0.055494
0.130448
0.142793
0.078832
0.055494
0.154854
0.195311
0.137336
0.034134
0.055494
0.055494
0.055494
0.055494
0.055494
0.151281
0.339027
0.307313
0.330554
0.273323
0.214185
0.173405
0.177516
0.175881
0.000000
0.047440
0.055494
0.055494
0.055494
0.055494
0.090733
0.000000
0.000000
0.000000
0.000000
0.000000
0.000000
0.102474
0.173365
0.000000
0.055494
0.055494
0.055494
0.055494
0.043470
0.082455
0.056437
0.085155
0.085467
0.055494
0.076513
0.045330
0.128660
0.000000
0.055494
0.055494
0.055494
0.055494
0.055494
0.055494
0.055494
0.116228
0.193737
0.337965
0.331983
0.127392
0.000000
0.000000
0.000000
0.055494
0.055494
0.055494
0.055494
0.086955
0.245315
0.286171
0.234018
0.140773
0.000000
0.000000
0.000000
0.000000
0.000000
0.055494
0.055494
0.055494
0.055494
0.129073
0.311353
0.028730
0.000000
0.000000
0.052798
0.137769
0.129412
0.000000
0.043710
0.055494
0.055494
0.055494
0.055494
0.055494
0.000000
0.055588
0.089149
0.085662
0.113962
0.176515
0.087129
0.000000
0.058468
0.055494
0.055494
0.055494
0.055494
0.055494
0.055494
0.098575
0.055494
0.055494
0.172168
0.337644
0.000000
0.000000
0.059629
0.055494
0.055494
0.055494
0.055494
0.055494
0.055494
0.055494
0.055494
0.057781
0.135770
0.043350
0.000000
0.059629
0.055494
0.055494
0.055494
0.055494
0.055494
0.055494
0.055494
0.055494
0.055494
0.055494
0.000000
0.028416
0.092116
0.061733
0.055494
0.055494
0.055494
0.004570
0.004570
0.004570
0.004570
0.004570
0.004570
0.004570
0.004570
0.004570
0.004570
0.004570
0.004570
0.004570
0.004570
0.004570
0.004570
0.004570
0.004570
0.004570
0.004570
0.004570
0.004570
0.004570
0.004570
0.004570
0.004570
0.004570
0.004570
0.004570
0.004570
0.004570
0.004570
0.004570
0.004570
0.004570
0.004570
0.004570
0.004570
0.004570
0.004570
0.004570
0.004570
0.004570
0.004570
0.073384
0.200556
0.200556
0.271442
0.379618
0.311014
0.325297
0.219040
0.018312
0.004570
0.004570
0.004570
0.100458
0.289265
0.689964
0.639419
0.651084
0.655932
0.645689
0.599854
0.544419
0.517330
0.375555
0.018312
0.004570
0.004570
0.273652
0.275479
0.396178
0.284390
0.226168
0.196780
0.060057
0.151395
0.192665
0.383982
0.526607
0.241436
0.004570
0.004570
0.040836
0.000000
0.003121
0.004648
0.004570
0.004570
0.004570
0.004570
0.258528
0.295372
0.528649
0.400430
0.004570
0.004570
0.004570
0.004570
0.004570
0.004570
0.004570
0.130193
0.341596
0.648671
0.673079
0.588502
0.396672
0.534661
0.004570
0.004570
0.004570
0.004570
0.004570
0.130635
0.475505
0.715975
0.670669
0.680021
0.638635
0.416836
0.436159
0.379462
0.004570
0.004570
0.004570
0.004570
0.212286
0.311923
0.613015
0.448036
0.142303
0.025602
0.253404
0.237115
0.350943
0.324295
0.004570
0.004570
0.004570
0.004570
0.147324
0.223044
0.000000
0.004941
0.004570
0.004755
0.338044
0.352394
0.316268
0.210025
0.004570
0.004570
0.004570
0.004570
0.005212
0.004570
0.005311
0.004570
0.004570
0.319837
0.379456
0.464796
0.254116
0.020099
0.004570
0.004570
0.004570
0.004570
0.004570
0.004570
0.004570
0.004570
0.008124
0.310389
0.247097
0.274012
0.070876
0.004570
0.004570
0.004570
0.004570
0.004570
0.004570
0.004570
0.004570
0.004570
0.011227
0.244888
0.000000
0.033220
0.005084
0.004570
0.004570
0.004570
0.520299
0.520299
0.520299
0.520299
0.520299
0.520299
0.520299
0.520299
0.520299
0.520299
0.520299
0.520299
0.520299
0.520299
0.520299
0.520299
0.520299
0.520299
0.520299
0.520299
0.520299
0.520299
0.520299
0.520299
0.520299
0.520299
0.520299
0.520299
0.520299
0.520299
0.520299
0.520299
0.520299
0.520299
0.520299
0.520299
0.520299
0.520299
0.520299
0.520299
0.520299
0.520299
0.520299
0.573864
0.573439
0.550500
0.550500
0.615242
0.555629
0.510077
0.537861
0.567387
0.526345
0.520299
0.520299
0.520299
0.734506
0.666047
0.596911
0.534696
0.510570
0.474948
0.390878
0.418396
0.482966
0.463793
0.561378
0.526345
0.520299
0.520299
0.607011
0.428937
0.317325
0.326806
0.417736
0.529141
0.496490
0.465594
0.446512
0.429769
0.509518
0.567858
0.520299
0.520299
0.520299
0.497269
0.623963
0.572158
0.620768
0.635943
0.532651
0.572813
0.505256
0.353417
0.545359
0.689736
0.520299
0.520299
0.520299
0.520299
0.520299
0.520299
0.564471
0.621504
0.618761
0.624823
0.551087
0.128090
0.411595
0.691335
0.520299
0.520299
0.520299
0.520299
0.587553
0.641093
0.622875
0.599857
0.352512
0.180936
0.395150
0.382607
0.326901
0.725676
0.520299
0.520299
0.520299
0.520299
0.685211
0.682239
0.183815
0.397494
0.564621
0.627291
0.727581
0.470499
0.498122
0.767867
0.520299
0.520299
0.520299
0.520299
0.520299
0.342358
0.748415
0.677548
0.653361
0.645285
0.628712
0.172798
0.683034
0.762246
0.520299
0.520299
0.520299
0.520299
0.520299
0.520299
0.604635
0.520299
0.520299
0.783878
0.571845
0.306033
0.745937
0.657061
0.520299
0.520299
0.520299
0.520299
0.520299
0.520299
0.520299
0.520299
0.525526
0.691610
0.125301
0.704867
0.750581
0.520299
0.520299
0.520299
0.520299
0.520299
0.520299
0.520299
0.520299
0.520299
0.520299
0.460828
0.643810
0.760333
0.578790
0.520299
0.520299
0.520299
