0.363030
0.363030
0.363030
0.363030
0.363030
0.363030
0.363030
0.363030
0.363030
0.363030
0.363030
0.363030
0.363030
0.363030
0.363030
0.363030
0.363030
0.363030
0.363030
0.363030
0.363030
0.363030
0.363030
0.363030
0.363030
0.363030
0.351871
0.357144
0.359799
0.356318
0.316336
0.278103
0.292508
0.313886
0.332723
0.369470
0.364018
0.363030
0.363030
0.238004
0.082131
0.033865
0.022292
0.000000
0.000000
0.000000
0.000000
0.107904
0.258992
0.363315
0.364018
0.363030
0.104888
0.000000
0.000000
0.012334
0.108787
0.177025
0.156497
0.031697
0.033697
0.227957
0.316909
0.368330
0.363030
0.236244
0.245679
0.436548
0.411147
0.451247
0.479608
0.433173
0.268984
0.047549
0.122974
0.363424
0.389616
0.363030
0.354018
0.346065
0.399721
0.350695
0.333795
0.279662
0.173884
0.150338
0.000000
0.000000
0.222036
0.442919
0.363030
0.363030
0.354813
0.312796
0.209114
0.083350
0.000000
0.000000
0.000000
0.000000
0.000000
0.242608
0.533675
0.363030
0.363030
0.278379
0.207279
0.016064
0.000000
0.035990
0.246176
0.270551
0.183437
0.148024
0.282084
0.580544
0.363030
0.363030
0.265260
0.111432
0.097942
0.353772
0.419286
0.438650
0.317681
0.165500
0.027351
0.368023
0.525163
0.363030
0.363030
0.338072
0.317131
0.263079
0.446464
0.417109
0.266833
0.181072
0.000000
0.103399
0.501429
0.478341
0.363030
0.363030
0.362929
0.353805
0.349946
0.383851
0.361860
0.166727
0.000000
0.000000
0.348365
0.565224
0.393277
0.363030
0.363030
0.363030
0.363030
0.363030
0.363030
0.359620
0.226193
0.144282
0.298929
0.530585
0.472069
0.363030
0.363030
0.000000
0.000000
0.000000
0.000000
0.000000
0.000000
0.000000
0.000000
0.000000
0.000000
0.000000
0.000000
0.000000
0.000000
0.000000
0.000000
0.000000
0.000000
0.000000
0.000000
0.000000
0.000000
0.000000
0.000000
0.000000
0.000000
0.000000
0.000000
0.021480
0.079247
0.031924
0.000000
0.092111
0.135785
0.101795
0.001470
0.000000
0.000000
0.000000
0.000000
0.000000
0.174237
0.248750
0.310986
0.338177
0.308494
0.348217
0.459972
0.357784
0.066605
0.000000
0.000000
0.099139
0.306882
0.481092
0.459043
0.444547
0.373178
0.290431
0.260971
0.330316
0.491825
0.348634
0.006159
0.000000
0.064668
0.051150
0.000000
0.000000
0.000000
0.000000
0.007097
0.015835
0.136074
0.391640
0.449838
0.124236
0.000000
0.000000
0.000000
0.000000
0.000000
0.000000
0.000000
0.000000
0.173916
0.346551
0.533533
0.519625
0.264693
0.000000
0.000000
0.000000
0.000000
0.000000
0.041931
0.271178
0.481862
0.531567
0.482505
0.496923
0.547568
0.223029
0.000000
0.000000
0.000000
0.000000
0.128014
0.551462
0.472304
0.268897
0.132937
0.129366
0.295725
0.420467
0.150047
0.000000
0.000000
0.030425
0.098062
0.230582
0.108068
0.046016
0.000000
0.000000
0.150997
0.411147
0.392303
0.076895
0.000000
0.000000
0.000000
0.000000
0.025371
0.020014
0.000000
0.000000
0.000000
0.166662
0.573189
0.272767
0.000000
0.000000
0.000000
0.000000
0.000000
0.000000
0.000000
0.000000
0.032466
0.137235
0.448624
0.325582
0.043802
0.000000
0.000000
0.000000
0.000000
0.000000
0.000000
0.000000
0.000000
0.049025
0.122496
0.176479
0.097386
0.000000
0.000000
0.000000
0.422312
0.422312
0.422312
0.422312
0.422312
0.422312
0.422312
0.422312
0.422312
0.422312
0.422312
0.422312
0.422312
0.422312
0.422312
0.422312
0.422312
0.422312
0.422312
0.422312
0.422312
0.422312
0.422312
0.422312
0.422312
0.422312
0.394366
0.375345
0.422793
0.459797
0.473932
0.479152
0.488522
0.499494
0.519899
0.472137
0.424480
0.422312
0.422312
0.407417
0.469300
0.589840
0.663136
0.666314
0.622480
0.683384
0.633069
0.632058
0.680148
0.518597
0.424480
0.422312
0.475816
0.400385
0.660840
0.637230
0.599723
0.551131
0.585142
0.623741
0.679296
0.837422
0.768581
0.477987
0.422312
0.360799
0.333559
0.580491
0.592335
0.641145
0.683996
0.568919
0.605220
0.606977
0.811666
0.914482
0.606060
0.422312
0.419604
0.464114
0.511219
0.448668
0.468748
0.493765
0.518090
0.518942
0.577252
0.751365
0.941173
0.818909
0.422312
0.422312
0.397760
0.398156
0.457239
0.525673
0.573855
0.619133
0.730402
0.580715
0.707896
0.882398
0.958032
0.422312
0.422312
0.431483
0.415974
0.462159
0.581521
0.512705
0.452233
0.583152
0.697491
0.618037
0.883747
0.911595
0.422312
0.422312
0.418346
0.497940
0.188539
0.510007
0.663477
0.659013
0.630479
0.596132
0.553288
0.843179
0.779934
0.422312
0.422312
0.391034
0.346755
0.484933
0.658498
0.586976
0.497681
0.404407
0.377299
0.592963
0.922863
0.654076
0.422312
0.422312
0.422169
0.419742
0.457296
0.457724
0.421482
0.400033
0.460678
0.364210
0.778600
0.866969
0.495442
0.422312
0.422312
0.422312
0.422312
0.422312
0.422312
0.423527
0.439040
0.248966
0.472480
0.853245
0.614012
0.422312
0.422312
0.000000
0.000000
0.000000
0.000000
0.000000
0.000000
0.000000
0.000000
0.000000
0.000000
0.000000
0.000000
0.000000
0.000000
0.000000
0.000000
0.000000
0.000000
0.000000
0.000000
0.000000
0.000000
0.000000
0.000000
0.000000
0.000000
0.000000
0.000000
0.000000
0.000000
0.000000
0.000000
0.000000
0.000000
0.000000
0.000000
0.000000
0.000000
0.000000
0.000000
0.000000
0.000000
0.000000
0.000000
0.000000
0.000000
0.000000
0.000000
0.000000
0.000000
0.000000
0.000000
0.000000
0.000000
0.000000
0.000000
0.000000
0.000000
0.000000
0.000000
0.000000
0.000000
0.000000
0.000000
0.000000
0.000000
0.000000
0.000000
0.000000
0.000000
0.000000
0.000000
0.000000
0.000000
0.000000
0.000000
0.000000
0.000000
0.000000
0.000000
0.000000
0.000000
0.000000
0.000000
0.000000
0.000000
0.000000
0.000000
0.000000
0.000000
0.000000
0.000000
0.000000
0.000000
0.000000
0.000000
0.000000
0.000000
0.000000
0.000000
0.000000
0.000000
0.000000
0.000000
0.000000
0.000000
0.000000
0.000000
0.000000
0.000000
0.000000
0.000000
0.000000
0.000000
0.000000
0.000000
0.000000
0.000000
0.000000
0.000000
0.000000
0.000000
0.000000
0.000000
0.000000
0.000000
0.000000
0.000000
0.000000
0.000000
0.000000
0.000000
0.000000
0.000000
0.000000
0.000000
0.000000
0.000000
0.000000
0.000000
0.000000
0.000000
0.000000
0.000000
0.000000
0.000000
0.000000
0.000000
0.000000
0.000000
0.000000
0.000000
0.000000
0.000000
0.000000
0.000000
0.000000
0.000000
0.000000
0.000000
0.000000
0.000000
0.000000
0.000000
0.000000
0.000000
0.000000
0.000000
0.000000
0.000000
0.000000
0.000000
0.000000
0.000000
0.000000
0.000000
0.000000
0.000000
0.000000
0.000000
0.000000
0.000000
0.000000
0.000000
0.000000
0.000000
0.000000
0.000000
0.000000
0.000000
0.000000
0.000000
0.000000
0.000000
0.000000
0.000000
0.000000
0.000000
0.000000
0.000000
0.000000
0.000000
0.000000
0.000000
0.000000
0.000000
0.000000
0.000000
0.000000
0.000000
0.000000
0.000000
0.000000
0.000000
0.000000
0.000000
0.000000
0.000000
0.000000
0.000000
0.000000
0.000000
0.000000
0.000000
0.000000
0.000000
0.000000
0.000000
0.000000
0.000000
0.000000
0.000000
0.000000
0.000000
0.000000
0.000000
0.000000
0.000000
0.000000
0.000000
0.000000
0.000000
0.000000
0.000000
0.000000
0.000000
0.000000
0.000000
0.000000
0.000000
0.000000
0.000000
0.000000
0.000000
0.000000
0.000000
0.000000
0.000000
0.000000
0.000000
0.000000
0.000000
0.000000
0.000000
0.000000
0.000000
0.000000
0.000000
0.000000
0.000000
0.000000
0.000000
0.000000
0.000000
0.000000
0.000000
0.000000
0.000000
0.000000
0.000000
0.000000
0.000000
0.000000
0.000000
0.000000
0.000000
0.000000
0.000000
0.000000
0.000000
0.000000
0.000000
0.000000
0.000000
0.000000
0.000000
0.000000
0.000000
0.000000
0.000000
0.000000
0.000000
0.000000
0.000000
0.000000
0.000000
0.000000
0.000000
0.000000
0.000000
0.000000
0.000000
0.000000
0.000000
0.000000
0.000000
0.000000
0.000000
0.000000
0.000000
0.000000
0.000000
0.000000
0.000000
0.000000
0.000000
0.000000
0.000000
0.000000
0.000000
0.000000
0.000000
0.000000
0.000000
0.000000
0.000000
0.000000
0.000000
0.043554
0.043554
0.043554
0.043554
0.043554
0.043554
0.043554
0.043554
0.043554
0.043554
0.043554
0.043554
0.043554
0.043554
0.043554
0.043554
0.043554
0.043554
0.043554
0.043554
0.043554
0.043554
0.043554
0.043554
0.043554
0.043554
0.054216
0.095388
0.129497
0.104411
0.077917
0.057556
0.081181
0.121298
0.056360
0.007287
0.040430
0.043554
0.043554
0.000000
0.031289
0.000000
0.000000
0.000000
0.000000
0.000000
0.000000
0.069574
0.092516
0.000000
0.040430
0.043554
0.000000
0.000000
0.000000
0.000000
0.000000
0.000000
0.000000
0.000000
0.000000
0.058432
0.017075
0.000000
0.043554
0.000000
0.000000
0.000000
0.000000
0.000000
0.000000
0.000000
0.000000
0.000000
0.000000
0.000000
0.000000
0.043554
0.032598
0.000000
0.021918
0.019997
0.049757
0.050627
0.032153
0.000000
0.000000
0.000000
0.000000
0.000000
0.043554
0.043554
0.050589
0.047313
0.031222
0.000000
0.000000
0.000000
0.000000
0.000000
0.000000
0.000000
0.000000
0.043554
0.043554
0.022774
0.000000
0.000000
0.000000
0.000000
0.000000
0.000000
0.000000
0.000000
0.000000
0.000000
0.043554
0.043554
0.000000
0.000000
0.064041
0.000000
0.000000
0.000000
0.000000
0.000000
0.000000
0.000000
0.000000
0.043554
0.043554
0.023087
0.020467
0.000000
0.000000
0.000000
0.024695
0.000000
0.052182
0.000000
0.000000
0.002298
0.043554
0.043554
0.043468
0.034487
0.014027
0.054176
0.043881
0.000000
0.000000
0.122154
0.000000
0.000000
0.039775
0.043554
0.043554
0.043554
0.043554
0.043554
0.043554
0.041693
0.000000
0.044329
0.000000
0.000000
0.026631
0.043554
0.043554
0.352138
0.352138
0.352138
0.352138
0.352138
0.352138
0.352138
0.352138
0.352138
0.352138
0.352138
0.352138
0.352138
0.352138
0.352138
0.352138
0.352138
0.352138
0.352138
0.352138
0.352138
0.352138
0.352138
0.352138
0.352138
0.352138
0.370812
0.419552
0.471519
0.439063
0.456247
0.456583
0.442514
0.461455
0.413614
0.336160
0.350481
0.352138
0.352138
0.459939
0.490103
0.462456
0.555570
0.481679
0.358083
0.373757
0.450362
0.563265
0.573175
0.327741
0.350481
0.352138
0.172685
0.090532
0.219187
0.278137
0.350765
0.314296
0.299737
0.250976
0.495184
0.741703
0.594575
0.328916
0.352138
0.255341
0.283230
0.398044
0.391501
0.454054
0.448066
0.355863
0.281778
0.137124
0.550556
0.752064
0.428539
0.352138
0.350437
0.368556
0.359117
0.372284
0.445571
0.484083
0.542260
0.365382
0.114173
0.247215
0.777624
0.515368
0.352138
0.352138
0.358932
0.427715
0.503825
0.446198
0.255317
0.177794
0.279651
0.191896
0.417914
0.675713
0.618329
0.352138
0.352138
0.414770
0.406483
0.215701
0.199817
0.258102
0.366028
0.555130
0.380308
0.404655
0.743997
0.567234
0.352138
0.352138
0.341545
0.219979
0.134742
0.524683
0.566946
0.498051
0.485168
0.203661
0.345851
0.717757
0.523392
0.352138
0.352138
0.320848
0.279321
0.490094
0.423801
0.380587
0.454861
0.352842
0.208850
0.509905
0.655665
0.455824
0.352138
0.352138
0.351991
0.350125
0.369551
0.350118
0.353647
0.372263
0.101587
0.288703
0.674051
0.577607
0.361750
0.352138
0.352138
0.352138
0.352138
0.352138
0.352138
0.353054
0.310004
0.094374
0.550143
0.625105
0.399680
0.352138
0.352138
0.180372
0.180372
0.180372
0.180372
0.180372
0.180372
0.180372
0.180372
0.180372
0.180372
0.180372
0.180372
0.180372
0.180372
0.180372
0.180372
0.180372
0.180372
0.180372
0.180372
0.180372
0.180372
0.180372
0.180372
0.180372
0.180372
0.170316
0.124597
0.075765
0.076956
0.070664
0.018025
0.000000
0.000000
0.047962
0.131999
0.177815
0.180372
0.180372
0.023263
0.000000
0.000000
0.000000
0.000000
0.000000
0.000000
0.000000
0.000000
0.000000
0.092002
0.177815
0.180372
0.099756
0.000000
0.019822
0.081659
0.117237
0.193756
0.273653
0.187590
0.009831
0.000000
0.000000
0.133623
0.180372
0.210887
0.238631
0.405201
0.398521
0.380782
0.365416
0.349982
0.306384
0.178846
0.000000
0.032545
0.084886
0.180372
0.184702
0.205250
0.232455
0.204257
0.150828
0.055922
0.000000
0.000000
0.000000
0.000000
0.009284
0.096480
0.180372
0.180372
0.163368
0.119182
0.000000
0.000000
0.000000
0.000000
0.000000
0.000000
0.036269
0.085608
0.230171
0.180372
0.180372
0.113238
0.042515
0.000000
0.000000
0.039287
0.223818
0.304545
0.267416
0.108238
0.098502
0.264976
0.180372
0.180372
0.189617
0.157529
0.034170
0.289778
0.315955
0.291045
0.229727
0.143266
0.000000
0.096532
0.236746
0.180372
0.180372
0.192824
0.212345
0.208662
0.271937
0.267066
0.107523
0.037413
0.000000
0.000000
0.241843
0.273907
0.180372
0.180372
0.180438
0.177181
0.189789
0.189823
0.178745
0.137769
0.054130
0.000000
0.152732
0.336991
0.209295
0.180372
0.180372
0.180372
0.180372
0.180372
0.180372
0.179770
0.193143
0.065694
0.167787
0.321061
0.277964
0.180372
0.180372
0.420499
0.420499
0.420499
0.420499
0.420499
0.420499
0.420499
0.420499
0.420499
0.420499
0.420499
0.420499
0.420499
0.420499
0.420499
0.420499
0.420499
0.420499
0.420499
0.420499
0.420499
0.420499
0.420499
0.420499
0.420499
0.420499
0.395135
0.397682
0.442253
0.472640
0.468531
0.467771
0.463448
0.496812
0.493846
0.452856
0.421885
0.420499
0.420499
0.415050
0.527962
0.510920
0.518727
0.550266
0.603050
0.612773
0.493856
0.498664
0.533793
0.473771
0.421885
0.420499
0.643046
0.690822
0.833150
0.774524
0.731194
0.729611
0.800105
0.819874
0.683084
0.584854
0.576535
0.453666
0.420499
0.505451
0.570835
0.692843
0.698147
0.682608
0.709332
0.665033
0.886411
0.918163
0.766086
0.585494
0.515509
0.420499
0.455842
0.497878
0.516784
0.480313
0.481502
0.461958
0.473362
0.564157
0.915617
0.831119
0.672676
0.611777
0.420499
0.420499
0.407426
0.383073
0.458409
0.549281
0.657159
0.708340
0.689345
0.762057
0.835602
0.701521
0.682350
0.420499
0.420499
0.454271
0.465230
0.646442
0.662000
0.690232
0.612375
0.618739
0.806553
0.821520
0.718098
0.670855
0.420499
0.420499
0.436104
0.597164
0.531269
0.568833
0.677567
0.686432
0.656781
0.808180
0.790419
0.667890
0.622894
0.420499
0.420499
0.387663
0.425336
0.534924
0.688522
0.574624
0.535631
0.401794
0.724743
0.701563
0.720996
0.577074
0.420499
0.420499
0.420346
0.443491
0.460217
0.458235
0.420120
0.435969
0.672501
0.696087
0.707762
0.671458
0.480944
0.420499
0.420499
0.420499
0.420499
0.420499
0.420499
0.422133
0.456537
0.650035
0.571761
0.727258
0.555492
0.420499
0.420499
0.000000
0.000000
0.000000
0.000000
0.000000
0.000000
0.000000
0.000000
0.000000
0.000000
0.000000
0.000000
0.000000
0.000000
0.000000
0.000000
0.000000
0.000000
0.000000
0.000000
0.000000
0.000000
0.000000
0.000000
0.000000
0.000000
0.000000
0.000000
0.000000
0.000000
0.000000
0.000000
0.000000
0.000000
0.000000
0.000000
0.000000
0.000000
0.000000
0.000000
0.000000
0.000000
0.000000
0.000000
0.000000
0.000000
0.000000
0.000000
0.000000
0.000000
0.000000
0.000000
0.000000
0.000000
0.000000
0.000000
0.000000
0.000000
0.000000
0.000000
0.000000
0.000000
0.000000
0.000000
0.000000
0.000000
0.000000
0.000000
0.000000
0.000000
0.000000
0.000000
0.000000
0.000000
0.000000
0.000000
0.000000
0.000000
0.000000
0.000000
0.000000
0.000000
0.000000
0.000000
0.000000
0.000000
0.000000
0.000000
0.000000
0.000000
0.000000
0.000000
0.000000
0.000000
0.000000
0.000000
0.000000
0.000000
0.000000
0.000000
0.000000
0.000000
0.000000
0.000000
0.000000
0.000000
0.000000
0.000000
0.000000
0.000000
0.000000
0.000000
0.000000
0.000000
0.000000
0.000000
0.000000
0.000000
0.000000
0.000000
0.000000
0.000000
0.000000
0.000000
0.000000
0.000000
0.000000
0.000000
0.000000
0.000000
0.000000
0.000000
0.000000
0.000000
0.000000
0.000000
0.000000
0.000000
0.000000
0.000000
0.000000
0.000000
0.000000
0.000000
0.000000
0.000000
0.000000
0.000000
0.000000
0.000000
0.000000
0.000000
0.000000
0.000000
0.000000
0.000000
0.000000
0.000000
0.000000
0.000000
0.000000
0.000000
0.000000
0.000000
0.000000
0.000000
0.000000
0.000000
0.000000
0.000000
0.000000
0.000000
0.000000
0.000000
0.000000
0.000000
0.000000
0.000000
0.000000
0.000000
0.000000
0.000000
0.000000
0.000000
0.000000
0.000000
0.000000
0.000000
0.000000
0.000000
0.000000
0.000000
0.000000
0.000000
0.000000
0.000000
0.000000
0.000000
0.000000
0.000000
0.000000
0.000000
0.000000
0.000000
0.000000
0.000000
0.000000
0.000000
0.000000
0.000000
0.068355
0.164478
0.118875
0.059714
0.111352
0.226888
0.211894
0.000000
0.000000
0.000000
0.000000
0.000000
0.000000
0.000000
0.000000
0.000000
0.000000
0.000000
0.000000
0.070963
0.241525
0.000000
0.000000
0.000000
0.000000
0.000000
0.000000
0.000000
0.000000
0.000000
0.000000
0.000000
0.000000
0.097182
0.141335
0.000000
0.000000
0.000000
0.000000
0.000000
0.000000
0.000000
0.000000
0.000000
0.000000
0.000000
0.000000
0.143874
0.000000
0.000000
0.000000
0.000000
0.000000
0.000000
0.000000
0.000000
0.000000
0.025935
0.000000
0.000000
0.025386
0.000000
0.000000
0.000000
0.000000
0.000000
0.000000
0.000000
0.000000
0.000000
0.000000
0.000000
0.000000
0.000000
0.000000
0.000000
0.000000
0.000000
0.000000
0.000000
0.000000
0.000000
0.000000
0.000000
0.000000
0.000000
0.000000
0.000000
0.000000
0.000000
0.000000
0.000000
0.000000
0.000000
0.000000
0.000000
0.000000
0.000000
0.000000
0.000000
0.000000
0.000000
0.000000
0.000000
0.000000
0.000000
0.000000
0.000000
0.000000
0.000000
0.000000
0.000000
0.000000
0.000000
0.000000
0.000000
0.000000
0.000000
0.000000
0.000000
0.000000
0.000000
0.000000
0.000000
0.000000
0.000000
0.000000
0.000000
0.402792
0.402792
0.402792
0.402792
0.402792
0.402792
0.402792
0.402792
0.402792
0.402792
0.402792
0.402792
0.402792
0.402792
0.402792
0.402792
0.402792
0.402792
0.402792
0.402792
0.402792
0.402792
0.402792
0.402792
0.402792
0.402792
0.404555
0.381427
0.374807
0.395544
0.393877
0.347282
0.362174
0.385510
0.402387
0.396508
0.401261
0.402792
0.402792
0.294319
0.272334
0.366112
0.375310
0.402110
0.463190
0.515082
0.503828
0.471718
0.472106
0.407253
0.401261
0.402792
0.506647
0.670164
0.847036
0.905272
0.892603
0.861924
0.903767
0.915166
0.839017
0.688102
0.520877
0.397749
0.402792
0.513182
0.603169
0.700994
0.686609
0.669688
0.633673
0.656366
0.697590
0.798062
0.844172
0.671834
0.426782
0.402792
0.418614
0.441645
0.505922
0.471985
0.450290
0.394917
0.285177
0.403125
0.585865
0.956540
0.790256
0.572618
0.402792
0.402792
0.400013
0.373071
0.285210
0.298337
0.423531
0.637808
0.791139
0.755261
0.817119
0.879730
0.678310
0.402792
0.402792
0.377220
0.345478
0.458784
0.756125
0.802820
0.803418
0.774699
0.760492
0.770826
0.754911
0.656900
0.402792
0.402792
0.451692
0.502953
0.638332
0.641810
0.637976
0.588652
0.575719
0.655189
0.765062
0.723057
0.589843
0.402792
0.402792
0.425457
0.475456
0.432372
0.597323
0.560694
0.438233
0.387373
0.436302
0.731064
0.771721
0.556204
0.402792
0.402792
0.402906
0.408182
0.416511
0.448312
0.402041
0.449456
0.497611
0.762394
0.701576
0.670077
0.468749
0.402792
0.402792
0.402792
0.402792
0.402792
0.402792
0.403158
0.468514
0.558548
0.616722
0.703027
0.556508
0.402792
0.402792
0.395817
0.395817
0.395817
0.395817
0.395817
0.395817
0.395817
0.395817
0.395817
0.395817
0.395817
0.395817
0.395817
0.395817
0.395817
0.395817
0.395817
0.395817
0.395817
0.395817
0.395817
0.395817
0.395817
0.395817
0.395817
0.395817
0.378774
0.339673
0.297800
0.329561
0.311238
0.309984
0.343756
0.326726
0.352143
0.421627
0.397253
0.395817
0.395817
0.276831
0.294432
0.360829
0.317311
0.352162
0.357009
0.389995
0.345337
0.278811
0.239164
0.442396
0.397253
0.395817
0.496599
0.408270
0.427307
0.426593
0.336922
0.294824
0.315203
0.424204
0.321349
0.319571
0.290317
0.432009
0.395817
0.323627
0.242858
0.334548
0.413892
0.466281
0.493092
0.466907
0.419843
0.571586
0.457437
0.346981
0.382116
0.395817
0.370127
0.421764
0.479609
0.428561
0.399952
0.335513
0.287654
0.302778
0.311999
0.561467
0.376299
0.440628
0.395817
0.395817
0.393282
0.316861
0.276946
0.339609
0.424383
0.408703
0.385584
0.246099
0.222881
0.458771
0.485158
0.395817
0.395817
0.354381
0.332835
0.398683
0.411679
0.307273
0.163134
0.149680
0.338618
0.363117
0.387340
0.556576
0.395817
0.395817
0.372270
0.469332
0.299093
0.167713
0.348181
0.506815
0.428996
0.482496
0.456996
0.388283
0.499343
0.395817
0.395817
0.386496
0.307262
0.325009
0.580821
0.556217
0.406031
0.332879
0.282455
0.287514
0.522520
0.505030
0.395817
0.395817
0.395776
0.386631
0.431566
0.436584
0.394687
0.343520
0.481298
0.259782
0.325651
0.585121
0.468932
0.395817
0.395817
0.395817
0.395817
0.395817
0.395817
0.394903
0.366890
0.358312
0.221448
0.537294
0.549520
0.395817
0.395817
0.155160
0.155160
0.155160
0.155160
0.155160
0.155160
0.155160
0.155160
0.155160
0.155160
0.155160
0.155160
0.155160
0.155160
0.155160
0.155160
0.155160
0.155160
0.155160
0.155160
0.155160
0.155160
0.155160
0.155160
0.155160
0.155160
0.129058
0.087871
0.057016
0.041986
0.026262
0.000000
0.000583
0.016629
0.072317
0.135076
0.154245
0.155160
0.155160
0.083975
0.000000
0.006093
0.008786
0.041832
0.087124
0.114275
0.118932
0.061167
0.076748
0.129110
0.154245
0.155160
0.154682
0.184229
0.195979
0.198393
0.167376
0.162333
0.124174
0.166766
0.154603
0.067492
0.082070
0.135215
0.155160
0.103449
0.068966
0.037790
0.055248
0.080184
0.089007
0.064779
0.011110
0.080782
0.131293
0.072810
0.130354
0.155160
0.128022
0.137612
0.156102
0.124072
0.104789
0.037353
0.000000
0.000000
0.000000
0.096870
0.132211
0.162011
0.155160
0.155160
0.142745
0.108088
0.012219
0.000000
0.064041
0.166895
0.140844
0.051807
0.000000
0.103339
0.162566
0.155160
0.155160
0.101905
0.072771
0.081084
0.132733
0.111571
0.104735
0.000000
0.000000
0.000000
0.087464
0.152784
0.155160
0.155160
0.149434
0.189822
0.097706
0.065471
0.063111
0.106697
0.118925
0.000000
0.007358
0.182269
0.173978
0.155160
0.155160
0.175628
0.117284
0.057267
0.150442
0.164452
0.084123
0.099040
0.000000
0.000000
0.249719
0.166550
0.155160
0.155160
0.155250
0.143926
0.158427
0.163038
0.153766
0.124457
0.185538
0.025774
0.128694
0.212028
0.160492
0.155160
0.155160
0.155160
0.155160
0.155160
0.155160
0.154525
0.167067
0.017888
0.109021
0.194450
0.180161
0.155160
0.155160
0.190618
0.190618
0.190618
0.190618
0.190618
0.190618
0.190618
0.190618
0.190618
0.190618
0.190618
0.190618
0.190618
0.190618
0.190618
0.190618
0.190618
0.190618
0.190618
0.190618
0.190618
0.190618
0.190618
0.190618
0.190618
0.190618
0.199386
0.220197
0.240531
0.270007
0.245402
0.250067
0.321013
0.321402
0.299405
0.256785
0.194509
0.190618
0.190618
0.206136
0.295212
0.492760
0.500116
0.488168
0.530303
0.582792
0.611155
0.569731
0.431870
0.312220
0.194509
0.190618
0.270313
0.494839
0.591061
0.577110
0.561565
0.521207
0.438730
0.524901
0.578444
0.515133
0.425986
0.262169
0.190618
0.254316
0.313247
0.204191
0.205993
0.192682
0.138440
0.143610
0.149267
0.380072
0.564657
0.444785
0.347248
0.190618
0.195418
0.196810
0.173823
0.199306
0.200599
0.184579
0.254624
0.409492
0.492306
0.697084
0.528934
0.384015
0.190618
0.190618
0.210971
0.189502
0.190519
0.325056
0.469503
0.592767
0.676839
0.652511
0.600314
0.579365
0.296036
0.190618
0.190618
0.196092
0.211066
0.332263
0.639414
0.641887
0.502493
0.345081
0.386043
0.473108
0.519988
0.219237
0.190618
0.190618
0.194272
0.245430
0.534401
0.377422
0.273921
0.189791
0.130091
0.282981
0.645567
0.485221
0.217073
0.190618
0.190618
0.200507
0.218836
0.281855
0.146006
0.159040
0.185975
0.257620
0.483087
0.714660
0.361333
0.147987
0.190618
0.190618
0.190660
0.193780
0.191960
0.184208
0.191155
0.219736
0.356780
0.672015
0.521992
0.151372
0.161962
0.190618
0.190618
0.190618
0.190618
0.190618
0.190618
0.190166
0.182375
0.445660
0.476763
0.211771
0.129576
0.190618
0.190618
0.190572
0.190572
0.190572
0.190572
0.190572
0.190572
0.190572
0.190572
0.190572
0.190572
0.190572
0.190572
0.190572
0.190572
0.190572
0.190572
0.190572
0.190572
0.190572
0.190572
0.190572
0.190572
0.190572
0.190572
0.190572
0.190572
0.208666
0.231093
0.268537
0.268292
0.263475
0.235370
0.258736
0.279756
0.238536
0.179780
0.188694
0.190572
0.190572
0.156015
0.210438
0.192904
0.162213
0.118019
0.143712
0.092027
0.108473
0.138714
0.243409
0.178073
0.188694
0.190572
0.171404
0.310889
0.214164
0.228715
0.259371
0.275408
0.253603
0.195082
0.263554
0.159567
0.169780
0.172201
0.190572
0.253990
0.397423
0.253822
0.274110
0.250844
0.209343
0.293784
0.280162
0.229680
0.247055
0.073992
0.107772
0.190572
0.216348
0.229785
0.222493
0.245066
0.269853
0.254497
0.244335
0.302811
0.292077
0.346456
0.202926
0.055607
0.190572
0.190572
0.191237
0.202940
0.206879
0.204835
0.141046
0.226429
0.239485
0.215822
0.256303
0.333507
0.000000
0.190572
0.190572
0.200124
0.210003
0.208756
0.334446
0.296978
0.318392
0.288520
0.196267
0.306556
0.252558
0.000000
0.190572
0.190572
0.239235
0.171640
0.460186
0.173491
0.210456
0.212961
0.245323
0.218468
0.439395
0.193036
0.045635
0.190572
0.190572
0.208994
0.241903
0.277378
0.240385
0.216829
0.229866
0.216880
0.265132
0.372709
0.171554
0.109900
0.190572
0.190572
0.190653
0.208538
0.192879
0.198510
0.190858
0.252790
0.104062
0.510520
0.212834
0.060390
0.185438
0.190572
0.190572
0.190572
0.190572
0.190572
0.190572
0.191577
0.233309
0.298991
0.310411
0.159954
0.156812
0.190572
0.190572
