0.363030
0.363030
0.363030
0.363030
0.363030
0.363030
0.357144
0.359799
0.316336
0.313886
0.369470
0.364018
0.245679
0.436548
0.479608
0.433173
0.227957
0.389616
0.363030
0.399721
0.333795
0.173884
0.000000
0.533675
0.363030
0.207279
0.419286
0.438650
0.183437
0.580544
0.363030
0.353805
0.446464
0.266833
0.348365
0.565224
0.000000
0.000000
0.000000
0.000000
0.000000
0.000000
0.000000
0.248750
0.338177
0.348217
0.459972
0.066605
0.306882
0.481092
0.444547
0.290431
0.491825
0.449838
0.000000
0.000000
0.271178
0.531567
0.533533
0.547568
0.030425
0.230582
0.551462
0.268897
0.411147
0.420467
0.000000
0.025371
0.020014
0.137235
0.573189
0.272767
0.422312
0.422312
0.422312
0.422312
0.422312
0.422312
0.469300
0.663136
0.666314
0.683384
0.680148
0.518597
0.475816
0.660840
0.683996
0.623741
0.837422
0.914482
0.464114
0.511219
0.573855
0.730402
0.751365
0.958032
0.431483
0.497940
0.663477
0.659013
0.697491
0.911595
0.422312
0.484933
0.658498
0.497681
0.778600
0.922863
0.000000
0.000000
0.000000
0.000000
0.000000
0.000000
0.000000
0.000000
0.000000
0.000000
0.000000
0.000000
0.000000
0.000000
0.000000
0.000000
0.000000
0.000000
0.000000
0.000000
0.000000
0.000000
0.000000
0.000000
0.000000
0.000000
0.000000
0.000000
0.000000
0.000000
0.000000
0.000000
0.000000
0.000000
0.000000
0.000000
0.000000
0.000000
0.000000
0.000000
0.000000
0.000000
0.000000
0.000000
0.000000
0.000000
0.000000
0.000000
0.000000
0.000000
0.000000
0.000000
0.000000
0.000000
0.000000
0.000000
0.000000
0.000000
0.000000
0.000000
0.000000
0.000000
0.000000
0.000000
0.000000
0.000000
0.000000
0.000000
0.000000
0.000000
0.000000
0.000000
0.043554
0.043554
0.043554
0.043554
0.043554
0.043554
0.095388
0.129497
0.077917
0.121298
0.092516
0.043554
0.000000
0.000000
0.000000
0.000000
0.058432
0.017075
0.050589
0.047313
0.050627
0.032153
0.000000
0.000000
0.043554
0.064041
0.000000
0.000000
0.000000
0.000000
0.043554
0.034487
0.054176
0.024695
0.122154
0.039775
0.352138
0.352138
0.352138
0.352138
0.352138
0.352138
0.490103
0.555570
0.481679
0.461455
0.573175
0.352138
0.283230
0.398044
0.454054
0.355863
0.741703
0.752064
0.368556
0.503825
0.484083
0.542260
0.417914
0.777624
0.414770
0.406483
0.566946
0.555130
0.404655
0.743997
0.352138
0.490094
0.423801
0.454861
0.674051
0.655665
0.180372
0.180372
0.180372
0.180372
0.180372
0.180372
0.170316
0.076956
0.070664
0.000000
0.131999
0.180372
0.238631
0.405201
0.380782
0.349982
0.178846
0.133623
0.205250
0.232455
0.150828
0.000000
0.036269
0.230171
0.189617
0.157529
0.315955
0.304545
0.267416
0.264976
0.192824
0.212345
0.271937
0.137769
0.152732
0.336991
0.420499
0.420499
0.420499
0.420499
0.420499
0.420499
0.527962
0.518727
0.603050
0.612773
0.533793
0.473771
0.690822
0.833150
0.731194
0.886411
0.918163
0.585494
0.497878
0.516784
0.657159
0.708340
0.915617
0.701521
0.454271
0.646442
0.690232
0.686432
0.821520
0.718098
0.420499
0.534924
0.688522
0.672501
0.724743
0.720996
0.000000
0.000000
0.000000
0.000000
0.000000
0.000000
0.000000
0.000000
0.000000
0.000000
0.000000
0.000000
0.000000
0.000000
0.000000
0.000000
0.000000
0.000000
0.000000
0.000000
0.000000
0.000000
0.000000
0.000000
0.000000
0.000000
0.000000
0.000000
0.000000
0.000000
0.000000
0.000000
0.000000
0.000000
0.000000
0.000000
0.000000
0.000000
0.000000
0.000000
0.000000
0.000000
0.000000
0.164478
0.118875
0.226888
0.211894
0.000000
0.000000
0.000000
0.000000
0.000000
0.241525
0.141335
0.000000
0.000000
0.000000
0.025935
0.000000
0.143874
0.000000
0.000000
0.000000
0.000000
0.000000
0.000000
0.000000
0.000000
0.000000
0.000000
0.000000
0.000000
0.402792
0.402792
0.402792
0.402792
0.402792
0.402792
0.404555
0.395544
0.463190
0.515082
0.472106
0.407253
0.670164
0.905272
0.892603
0.915166
0.844172
0.671834
0.441645
0.505922
0.450290
0.791139
0.956540
0.879730
0.451692
0.638332
0.802820
0.803418
0.770826
0.754911
0.425457
0.475456
0.597323
0.497611
0.762394
0.771721
0.395817
0.395817
0.395817
0.395817
0.395817
0.395817
0.378774
0.360829
0.357009
0.389995
0.421627
0.442396
0.496599
0.427307
0.493092
0.466907
0.571586
0.432009
0.421764
0.479609
0.424383
0.408703
0.561467
0.485158
0.395817
0.469332
0.411679
0.506815
0.482496
0.556576
0.395817
0.431566
0.580821
0.481298
0.325651
0.585121
0.155160
0.155160
0.155160
0.155160
0.155160
0.155160
0.129058
0.057016
0.087124
0.118932
0.135076
0.155160
0.184229
0.198393
0.167376
0.166766
0.154603
0.135215
0.155160
0.156102
0.104789
0.166895
0.096870
0.162566
0.155160
0.189822
0.132733
0.118925
0.007358
0.182269
0.175628
0.158427
0.164452
0.185538
0.128694
0.249719
0.190618
0.190618
0.190618
0.190618
0.190618
0.190618
0.295212
0.500116
0.530303
0.611155
0.569731
0.312220
0.494839
0.591061
0.561565
0.524901
0.578444
0.444785
0.210971
0.199306
0.469503
0.676839
0.697084
0.579365
0.196092
0.534401
0.641887
0.502493
0.645567
0.519988
0.200507
0.281855
0.191155
0.356780
0.714660
0.361333
0.190572
0.190572
0.190572
0.190572
0.190572
0.190572
0.231093
0.268537
0.263475
0.279756
0.243409
0.190572
0.397423
0.274110
0.275408
0.293784
0.263554
0.172201
0.229785
0.245066
0.269853
0.302811
0.346456
0.333507
0.239235
0.460186
0.334446
0.318392
0.439395
0.252558
0.208994
0.277378
0.240385
0.252790
0.510520
0.185438
